Using device: cuda:0
Class Weights: [np.float64(9.433568719759382), np.float64(99.04451410658307), np.float64(17.886377086045687), np.float64(332.8305439330544), np.float64(19.25783927891329), np.float64(112.57366548042705)]

============================================================
STARTING PIPELINE: CNN-BiGRU_25t_glove_100
============================================================
38296it [00:25, 1530.68it/s]
9575it [00:05, 1734.79it/s]
Phase 1: Running Sweep for CNN-BiGRU_25t_glove_100...
Create sweep with ID: ocqa07an
Sweep URL: https://wandb.ai/zagros-devs/Toxic%20Comment%20Detection/sweeps/ocqa07an
Best model @ epoch 1
Saving CNN-BiGRU_embed100_25t_sweep_rmsprop_0.001_0.0001_256_[1, 3, 5, 7, 11]_last_epoch weights...
Best model @ epoch 19
Saving CNN-BiGRU_embed100_25t_sweep_rmsprop_0.0001_1e-05_64_[1, 3, 5]_last_epoch weights...
Best model @ epoch 2
Saving CNN-BiGRU_embed100_25t_sweep_adamW_0.005_0_128_[3, 5, 7]_last_epoch weights...
Best model @ epoch 2
Saving CNN-BiGRU_embed100_25t_sweep_adamW_0.001_0.0001_64_[3, 5, 7]_last_epoch weights...
Best model @ epoch 4
Saving CNN-BiGRU_embed100_25t_sweep_adamW_0.0005_1e-05_32_[1, 2, 3]_last_epoch weights...
Best model @ epoch 3
Saving CNN-BiGRU_embed100_25t_sweep_rmsprop_0.001_1e-05_64_[1, 2, 3]_last_epoch weights...
Best model @ epoch 9
Saving CNN-BiGRU_embed100_25t_sweep_adamW_0.0001_1e-05_512_[1, 2, 3, 5]_last_epoch weights...
Best model @ epoch 4
Saving CNN-BiGRU_embed100_25t_sweep_rmsprop_0.0005_0_64_[1, 3, 5]_last_epoch weights...
Best model @ epoch 17
Saving CNN-BiGRU_embed100_25t_sweep_adamW_0.0001_0_100_[3, 4, 5]_last_epoch weights...
Best model @ epoch 19
Saving CNN-BiGRU_embed100_25t_sweep_adamW_0.0001_0.001_32_[3, 5, 7]_last_epoch weights...
Best model @ epoch 3
Saving CNN-BiGRU_embed100_25t_sweep_adamW_0.0005_0_128_[1, 3, 5, 7]_last_epoch weights...
Best model @ epoch 3
Saving CNN-BiGRU_embed100_25t_sweep_adamW_0.005_1e-05_50_[1, 3, 5]_last_epoch weights...
Best model @ epoch 2
Saving CNN-BiGRU_embed100_25t_sweep_adamW_0.001_0_512_[2, 3, 4]_last_epoch weights...
Best model @ epoch 3
Saving CNN-BiGRU_embed100_25t_sweep_adamW_0.005_0.0001_256_[3, 4, 5]_last_epoch weights...
Best model @ epoch 2
Saving CNN-BiGRU_embed100_25t_sweep_rmsprop_0.005_0.0001_64_[3, 5, 7]_last_epoch weights...
Best model @ epoch 3
Saving CNN-BiGRU_embed100_25t_sweep_adamW_0.0005_0.001_256_[3, 4, 5]_last_epoch weights...
Best model @ epoch 4
Saving CNN-BiGRU_embed100_25t_sweep_adamW_0.0005_0.0001_50_[1, 3, 5, 7, 11]_last_epoch weights...
Best model @ epoch 1
Saving CNN-BiGRU_embed100_25t_sweep_adamW_0.005_0_256_[2, 3, 4]_last_epoch weights...
Best model @ epoch 3
Saving CNN-BiGRU_embed100_25t_sweep_adamW_0.0005_0_128_[1, 2, 3, 5]_last_epoch weights...
Best model @ epoch 2
Saving CNN-BiGRU_embed100_25t_sweep_adamW_0.0005_0.0001_512_[1, 3, 5, 7, 11]_last_epoch weights...
Phase 2: Fetching winning configs from W&B...
--> Best Optimizer: adamW | LR: 0.005 | Num Channels: 256 | Kernel Sizes: [2, 3, 4]
Phase 3: Finding optimal threshold...
Loading weights from model_weights/CNN-BiGRU_embed100_25t_sweep_adamW_0.005_0_256_[2, 3, 4]_best.pth...
Testing Thresholds for Peak F1...
Threshold: 0.50 | Macro F1: 0.2517
Threshold: 0.52 | Macro F1: 0.2593
Threshold: 0.54 | Macro F1: 0.2667
Threshold: 0.56 | Macro F1: 0.2739
Threshold: 0.58 | Macro F1: 0.2807
Threshold: 0.60 | Macro F1: 0.2871
Threshold: 0.62 | Macro F1: 0.2942
Threshold: 0.64 | Macro F1: 0.3013
Threshold: 0.66 | Macro F1: 0.3092
Threshold: 0.68 | Macro F1: 0.3153
Threshold: 0.70 | Macro F1: 0.3217
Threshold: 0.72 | Macro F1: 0.3258
Threshold: 0.74 | Macro F1: 0.3341
Threshold: 0.76 | Macro F1: 0.3430
Threshold: 0.78 | Macro F1: 0.3526
Threshold: 0.80 | Macro F1: 0.3581
Threshold: 0.82 | Macro F1: 0.3660
Threshold: 0.84 | Macro F1: 0.3757
Threshold: 0.86 | Macro F1: 0.3824
Threshold: 0.88 | Macro F1: 0.3878
Threshold: 0.90 | Macro F1: 0.3947
Threshold: 0.92 | Macro F1: 0.4028
Threshold: 0.94 | Macro F1: 0.4059
Threshold: 0.96 | Macro F1: 0.4019
Threshold: 0.98 | Macro F1: 0.3688
========================================
Best MODEL FOUND
Optimal Threshold: 0.94
Peak Macro F1: 0.4059
--> Optimal Threshold: 0.94 (Peak F1: 0.4059)
Phase 4: Training Final Model on 100% Data...
127656it [01:00, 2126.14it/s]
31915it [00:18, 1728.50it/s]
Best model @ epoch 1
Saving FINAL_CNN-BiGRU_25t_glove_100_last_epoch weights...
Phase 5: Evaluating Final Model on Test Set...
63978it [00:38, 1678.56it/s]

==================================================
INITIATING FINAL TEST EVALUATION
Threshold: 0.9399999976158142
==================================================
                                                          
OVERALL PERFORMANCE
Macro AUROC: 0.8412
Macro F1:    0.3383

PER-CLASS BREAKDOWN
Class           | AUROC   | Precision | Recall  | F1-Score
-------------------------------------------------------
toxic           | 0.8553  | 0.4621    | 0.6033  | 0.5233
severe_toxic    | 0.8584  | 0.0747    | 0.4932  | 0.1297
obscene         | 0.8498  | 0.4482    | 0.5237  | 0.4830
threat          | 0.8111  | 0.1964    | 0.2607  | 0.2240
insult          | 0.8413  | 0.4527    | 0.3995  | 0.4244
identity_hate   | 0.8311  | 0.1745    | 0.4115  | 0.2451
=======================================================
SUCCESSFULLY COMPLETED: CNN-BiGRU_25t_glove_100

============================================================
STARTING PIPELINE: CNN-BiGRU_25t_glove_300
============================================================
38296it [00:20, 1870.07it/s]
9575it [00:04, 2304.15it/s]
Phase 1: Running Sweep for CNN-BiGRU_25t_glove_300...
Create sweep with ID: 2404kiry
Sweep URL: https://wandb.ai/zagros-devs/Toxic%20Comment%20Detection/sweeps/2404kiry
Best model @ epoch 1
Saving CNN-BiGRU_embed300_25t_sweep_rmsprop_0.001_1e-05_100_[1, 3, 5, 7, 11]_last_epoch weights...
Best model @ epoch 1
Saving CNN-BiGRU_embed300_25t_sweep_adamW_0.005_0_512_[1, 2, 3, 5]_last_epoch weights...
Best model @ epoch 2
Saving CNN-BiGRU_embed300_25t_sweep_adamW_0.001_0.001_128_[3, 4, 5]_last_epoch weights...
Best model @ epoch 1
Saving CNN-BiGRU_embed300_25t_sweep_adamW_0.005_0_128_[1, 2, 3]_last_epoch weights...
Best model @ epoch 12
Saving CNN-BiGRU_embed300_25t_sweep_rmsprop_0.0001_0.001_64_[3, 4, 5]_last_epoch weights...
Best model @ epoch 1
Saving CNN-BiGRU_embed300_25t_sweep_rmsprop_0.005_0.001_50_[1, 3, 5, 7]_last_epoch weights...
Best model @ epoch 8
Saving CNN-BiGRU_embed300_25t_sweep_rmsprop_0.0001_1e-05_100_[2, 3, 4]_last_epoch weights...
Best model @ epoch 1
Saving CNN-BiGRU_embed300_25t_sweep_rmsprop_0.005_0_32_[1, 3, 5]_last_epoch weights...
Best model @ epoch 3
Saving CNN-BiGRU_embed300_25t_sweep_rmsprop_0.0005_1e-05_128_[1, 2, 3]_last_epoch weights...
Best model @ epoch 1
Saving CNN-BiGRU_embed300_25t_sweep_adamW_0.005_1e-05_256_[1, 2, 3]_last_epoch weights...
Best model @ epoch 2
Saving CNN-BiGRU_embed300_25t_sweep_adamW_0.005_0_64_[2, 3, 4]_last_epoch weights...
Best model @ epoch 2
Saving CNN-BiGRU_embed300_25t_sweep_rmsprop_0.0005_0.0001_128_[3, 5, 7]_last_epoch weights...
Best model @ epoch 2
Saving CNN-BiGRU_embed300_25t_sweep_adamW_0.001_0_256_[2, 3, 4]_last_epoch weights...
Best model @ epoch 2
Saving CNN-BiGRU_embed300_25t_sweep_adamW_0.001_0.0001_128_[2, 3, 4]_last_epoch weights...
Best model @ epoch 1
Saving CNN-BiGRU_embed300_25t_sweep_rmsprop_0.001_0_512_[1, 3, 5, 7]_last_epoch weights...
Best model @ epoch 1
Saving CNN-BiGRU_embed300_25t_sweep_rmsprop_0.001_1e-05_50_[3, 4, 5]_last_epoch weights...
Best model @ epoch 10
Saving CNN-BiGRU_embed300_25t_sweep_adamW_0.0001_0.001_50_[1, 3, 5, 7]_last_epoch weights...
Best model @ epoch 1
Saving CNN-BiGRU_embed300_25t_sweep_rmsprop_0.0005_0.001_512_[1, 3, 5]_last_epoch weights...
Best model @ epoch 6
Saving CNN-BiGRU_embed300_25t_sweep_rmsprop_0.0001_0_512_[2, 3, 4]_last_epoch weights...
Best model @ epoch 5
Saving CNN-BiGRU_embed300_25t_sweep_rmsprop_0.0001_0.001_512_[3, 5, 7]_last_epoch weights...
Phase 2: Fetching winning configs from W&B...
--> Best Optimizer: adamW | LR: 0.005 | Num Channels: 256 | Kernel Sizes: [1, 2, 3]
Phase 3: Finding optimal threshold...
Loading weights from model_weights/CNN-BiGRU_embed300_25t_sweep_adamW_0.005_1e-05_256_[1, 2, 3]_best.pth...
Testing Thresholds for Peak F1...
Threshold: 0.50 | Macro F1: 0.3681
Threshold: 0.52 | Macro F1: 0.3746
Threshold: 0.54 | Macro F1: 0.3803
Threshold: 0.56 | Macro F1: 0.3855
Threshold: 0.58 | Macro F1: 0.3914
Threshold: 0.60 | Macro F1: 0.3979
Threshold: 0.62 | Macro F1: 0.4053
Threshold: 0.64 | Macro F1: 0.4098
Threshold: 0.66 | Macro F1: 0.4148
Threshold: 0.68 | Macro F1: 0.4174
Threshold: 0.70 | Macro F1: 0.4233
Threshold: 0.72 | Macro F1: 0.4289
Threshold: 0.74 | Macro F1: 0.4364
Threshold: 0.76 | Macro F1: 0.4429
Threshold: 0.78 | Macro F1: 0.4498
Threshold: 0.80 | Macro F1: 0.4538
Threshold: 0.82 | Macro F1: 0.4560
Threshold: 0.84 | Macro F1: 0.4634
Threshold: 0.86 | Macro F1: 0.4690
Threshold: 0.88 | Macro F1: 0.4796
Threshold: 0.90 | Macro F1: 0.4859
Threshold: 0.92 | Macro F1: 0.4929
Threshold: 0.94 | Macro F1: 0.4895
Threshold: 0.96 | Macro F1: 0.5054
Threshold: 0.98 | Macro F1: 0.5024
========================================
Best MODEL FOUND
Optimal Threshold: 0.96
Peak Macro F1: 0.5054
--> Optimal Threshold: 0.96 (Peak F1: 0.5054)
Phase 4: Training Final Model on 100% Data...
127656it [00:57, 2225.30it/s]
31915it [00:18, 1718.62it/s]
Best model @ epoch 1
Saving FINAL_CNN-BiGRU_25t_glove_300_last_epoch weights...
Phase 5: Evaluating Final Model on Test Set...
63978it [00:36, 1774.10it/s]

==================================================
INITIATING FINAL TEST EVALUATION
Threshold: 0.9599999785423279
==================================================
                                                          
OVERALL PERFORMANCE
Macro AUROC: 0.8712
Macro F1:    0.4471

PER-CLASS BREAKDOWN
Class           | AUROC   | Precision | Recall  | F1-Score
-------------------------------------------------------
toxic           | 0.8929  | 0.4931    | 0.7373  | 0.5909
severe_toxic    | 0.8889  | 0.1467    | 0.4741  | 0.2241
obscene         | 0.8916  | 0.5282    | 0.6475  | 0.5818
threat          | 0.7941  | 0.3527    | 0.3744  | 0.3632
insult          | 0.8912  | 0.4520    | 0.6250  | 0.5246
identity_hate   | 0.8684  | 0.3302    | 0.5014  | 0.3982
=======================================================
SUCCESSFULLY COMPLETED: CNN-BiGRU_25t_glove_300

============================================================
STARTING PIPELINE: CNN-BiGRU_50t_glove_100
============================================================
38296it [00:21, 1796.02it/s]
9575it [00:04, 2118.80it/s]
Phase 1: Running Sweep for CNN-BiGRU_50t_glove_100...
Create sweep with ID: 3knnoj68
Sweep URL: https://wandb.ai/zagros-devs/Toxic%20Comment%20Detection/sweeps/3knnoj68
Best model @ epoch 19
Saving CNN-BiGRU_embed100_50t_sweep_adamW_0.0001_0.001_16_[1, 3, 5, 7]_last_epoch weights...
Best model @ epoch 3
Saving CNN-BiGRU_embed100_50t_sweep_adamW_0.005_0.001_64_[2, 3, 4]_last_epoch weights...
Best model @ epoch 14
Saving CNN-BiGRU_embed100_50t_sweep_rmsprop_0.0001_0.0001_100_[1, 3, 5]_last_epoch weights...
Best model @ epoch 6
Saving CNN-BiGRU_embed100_50t_sweep_rmsprop_0.005_0.001_64_[3, 4, 5]_last_epoch weights...
Best model @ epoch 5
Saving CNN-BiGRU_embed100_50t_sweep_adamW_0.001_0.0001_16_[2, 3, 4]_last_epoch weights...
Best model @ epoch 3
Saving CNN-BiGRU_embed100_50t_sweep_rmsprop_0.001_0_128_[1, 3, 5]_last_epoch weights...
Best model @ epoch 19
Saving CNN-BiGRU_embed100_50t_sweep_adamW_0.0001_0_32_[1, 2, 3, 5]_last_epoch weights...
Best model @ epoch 3
Saving CNN-BiGRU_embed100_50t_sweep_rmsprop_0.001_0.0001_100_[1, 3, 5, 7, 11]_last_epoch weights...
Best model @ epoch 3
Saving CNN-BiGRU_embed100_50t_sweep_adamW_0.001_1e-05_50_[3, 5, 7]_last_epoch weights...
Best model @ epoch 6
Saving CNN-BiGRU_embed100_50t_sweep_rmsprop_0.0005_0_32_[3, 5, 7]_last_epoch weights...
Best model @ epoch 1
Saving CNN-BiGRU_embed100_50t_sweep_rmsprop_0.005_0.001_64_[1, 2, 3, 5]_last_epoch weights...
Best model @ epoch 16
Saving CNN-BiGRU_embed100_50t_sweep_adamW_0.0001_1e-05_100_[1, 2, 3, 5]_last_epoch weights...
Best model @ epoch 6
Saving CNN-BiGRU_embed100_50t_sweep_adamW_0.001_1e-05_16_[3, 5, 7]_last_epoch weights...
Best model @ epoch 5
Saving CNN-BiGRU_embed100_50t_sweep_rmsprop_0.001_1e-05_16_[1, 3, 5, 7]_last_epoch weights...
Best model @ epoch 3
Saving CNN-BiGRU_embed100_50t_sweep_adamW_0.001_0.001_50_[3, 4, 5]_last_epoch weights...
Best model @ epoch 2
Saving CNN-BiGRU_embed100_50t_sweep_adamW_0.005_0.0001_32_[3, 5, 7]_last_epoch weights...
Best model @ epoch 7
Saving CNN-BiGRU_embed100_50t_sweep_rmsprop_0.005_0.0001_256_[2, 3, 4]_last_epoch weights...
Best model @ epoch 7
Saving CNN-BiGRU_embed100_50t_sweep_rmsprop_0.005_1e-05_100_[1, 3, 5, 7]_last_epoch weights...
Best model @ epoch 6
Saving CNN-BiGRU_embed100_50t_sweep_rmsprop_0.0005_1e-05_256_[1, 3, 5, 7]_last_epoch weights...
Best model @ epoch 4
Saving CNN-BiGRU_embed100_50t_sweep_adamW_0.0005_0.001_256_[1, 2, 3]_last_epoch weights...
Phase 2: Fetching winning configs from W&B...
--> Best Optimizer: adamW | LR: 0.0001 | Num Channels: 16 | Kernel Sizes: [1, 3, 5, 7]
Phase 3: Finding optimal threshold...
Loading weights from model_weights/CNN-BiGRU_embed100_50t_sweep_adamW_0.0001_0.001_16_[1, 3, 5, 7]_best.pth...
Testing Thresholds for Peak F1...
Threshold: 0.50 | Macro F1: 0.3179
Threshold: 0.52 | Macro F1: 0.3230
Threshold: 0.54 | Macro F1: 0.3292
Threshold: 0.56 | Macro F1: 0.3346
Threshold: 0.58 | Macro F1: 0.3415
Threshold: 0.60 | Macro F1: 0.3480
Threshold: 0.62 | Macro F1: 0.3538
Threshold: 0.64 | Macro F1: 0.3587
Threshold: 0.66 | Macro F1: 0.3647
Threshold: 0.68 | Macro F1: 0.3705
Threshold: 0.70 | Macro F1: 0.3765
Threshold: 0.72 | Macro F1: 0.3814
Threshold: 0.74 | Macro F1: 0.3878
Threshold: 0.76 | Macro F1: 0.3926
Threshold: 0.78 | Macro F1: 0.3980
Threshold: 0.80 | Macro F1: 0.4043
Threshold: 0.82 | Macro F1: 0.4095
Threshold: 0.84 | Macro F1: 0.4159
Threshold: 0.86 | Macro F1: 0.4175
Threshold: 0.88 | Macro F1: 0.4180
Threshold: 0.90 | Macro F1: 0.4194
Threshold: 0.92 | Macro F1: 0.4245
Threshold: 0.94 | Macro F1: 0.4155
Threshold: 0.96 | Macro F1: 0.4209
Threshold: 0.98 | Macro F1: 0.2934
========================================
Best MODEL FOUND
Optimal Threshold: 0.92
Peak Macro F1: 0.4245
--> Optimal Threshold: 0.92 (Peak F1: 0.4245)
Phase 4: Training Final Model on 100% Data...
127656it [01:04, 1983.49it/s]
31915it [00:19, 1626.22it/s]
Best model @ epoch 19
Saving FINAL_CNN-BiGRU_50t_glove_100_last_epoch weights...
Phase 5: Evaluating Final Model on Test Set...
63978it [00:37, 1688.41it/s]

==================================================
INITIATING FINAL TEST EVALUATION
Threshold: 0.9200000166893005
==================================================
                                                           
OVERALL PERFORMANCE
Macro AUROC: 0.9443
Macro F1:    0.4054

PER-CLASS BREAKDOWN
Class           | AUROC   | Precision | Recall  | F1-Score
-------------------------------------------------------
toxic           | 0.9230  | 0.5619    | 0.6115  | 0.5856
severe_toxic    | 0.9642  | 0.0938    | 0.7384  | 0.1665
obscene         | 0.9316  | 0.5253    | 0.5757  | 0.5494
threat          | 0.9708  | 0.1922    | 0.5403  | 0.2836
insult          | 0.9320  | 0.4975    | 0.5416  | 0.5186
identity_hate   | 0.9442  | 0.2430    | 0.5084  | 0.3288
=======================================================
SUCCESSFULLY COMPLETED: CNN-BiGRU_50t_glove_100

============================================================
STARTING PIPELINE: CNN-BiGRU_50t_glove_300
============================================================
38296it [00:21, 1775.12it/s]
9575it [00:04, 2023.75it/s]
Phase 1: Running Sweep for CNN-BiGRU_50t_glove_300...
Create sweep with ID: kzbcm641
Sweep URL: https://wandb.ai/zagros-devs/Toxic%20Comment%20Detection/sweeps/kzbcm641
Best model @ epoch 2
Saving CNN-BiGRU_embed300_50t_sweep_rmsprop_0.001_1e-05_128_[1, 3, 5, 7, 11]_last_epoch weights...
Best model @ epoch 4
Saving CNN-BiGRU_embed300_50t_sweep_adamW_0.0005_0.001_32_[3, 4, 5]_last_epoch weights...
Best model @ epoch 6
Saving CNN-BiGRU_embed300_50t_sweep_adamW_0.0005_1e-05_32_[1, 3, 5]_last_epoch weights...
Best model @ epoch 15
Saving CNN-BiGRU_embed300_50t_sweep_adamW_0.0001_0.001_16_[3, 5, 7]_last_epoch weights...
Best model @ epoch 8
Saving CNN-BiGRU_embed300_50t_sweep_adamW_0.0001_0.0001_128_[1, 3, 5]_last_epoch weights...
Best model @ epoch 2
Saving CNN-BiGRU_embed300_50t_sweep_rmsprop_0.005_0_64_[1, 3, 5, 7]_last_epoch weights...
Best model @ epoch 2
Saving CNN-BiGRU_embed300_50t_sweep_adamW_0.001_0.001_50_[1, 2, 3, 5]_last_epoch weights...
Best model @ epoch 2
Saving CNN-BiGRU_embed300_50t_sweep_rmsprop_0.0005_0.001_100_[3, 4, 5]_last_epoch weights...
Best model @ epoch 1
Saving CNN-BiGRU_embed300_50t_sweep_adamW_0.005_0.0001_512_[1, 2, 3]_last_epoch weights...
Best model @ epoch 14
Saving CNN-BiGRU_embed300_50t_sweep_rmsprop_0.0001_0_32_[3, 4, 5]_last_epoch weights...
Best model @ epoch 7
Saving CNN-BiGRU_embed300_50t_sweep_rmsprop_0.0001_0_256_[1, 3, 5, 7, 11]_last_epoch weights...
Best model @ epoch 1
Saving CNN-BiGRU_embed300_50t_sweep_rmsprop_0.0005_0.0001_512_[1, 3, 5]_last_epoch weights...
Best model @ epoch 3
Saving CNN-BiGRU_embed300_50t_sweep_adamW_0.005_0.0001_50_[1, 3, 5]_last_epoch weights...
Best model @ epoch 5
Saving CNN-BiGRU_embed300_50t_sweep_adamW_0.0001_0_32_[1, 3, 5, 7, 11]_last_epoch weights...
Best model @ epoch 1
Saving CNN-BiGRU_embed300_50t_sweep_adamW_0.005_0_16_[1, 3, 5, 7]_last_epoch weights...
Best model @ epoch 2
Saving CNN-BiGRU_embed300_50t_sweep_rmsprop_0.001_0_16_[1, 2, 3, 5]_last_epoch weights...
Best model @ epoch 12
Saving CNN-BiGRU_embed300_50t_sweep_adamW_0.0001_0.0001_32_[1, 3, 5, 7, 11]_last_epoch weights...
Best model @ epoch 2
Saving CNN-BiGRU_embed300_50t_sweep_adamW_0.005_1e-05_512_[3, 5, 7]_last_epoch weights...
Best model @ epoch 9
Saving CNN-BiGRU_embed300_50t_sweep_rmsprop_0.0001_0_50_[1, 3, 5, 7, 11]_last_epoch weights...
Best model @ epoch 1
Saving CNN-BiGRU_embed300_50t_sweep_rmsprop_0.001_1e-05_128_[3, 4, 5]_last_epoch weights...
Phase 2: Fetching winning configs from W&B...
--> Best Optimizer: adamW | LR: 0.005 | Num Channels: 50 | Kernel Sizes: [1, 3, 5]
Phase 3: Finding optimal threshold...
Loading weights from model_weights/CNN-BiGRU_embed300_50t_sweep_adamW_0.005_0.0001_50_[1, 3, 5]_best.pth...
Testing Thresholds for Peak F1...
Threshold: 0.50 | Macro F1: 0.4568
Threshold: 0.52 | Macro F1: 0.4603
Threshold: 0.54 | Macro F1: 0.4635
Threshold: 0.56 | Macro F1: 0.4650
Threshold: 0.58 | Macro F1: 0.4683
Threshold: 0.60 | Macro F1: 0.4736
Threshold: 0.62 | Macro F1: 0.4782
Threshold: 0.64 | Macro F1: 0.4833
Threshold: 0.66 | Macro F1: 0.4883
Threshold: 0.68 | Macro F1: 0.4880
Threshold: 0.70 | Macro F1: 0.4885
Threshold: 0.72 | Macro F1: 0.4907
Threshold: 0.74 | Macro F1: 0.4921
Threshold: 0.76 | Macro F1: 0.4957
Threshold: 0.78 | Macro F1: 0.4986
Threshold: 0.80 | Macro F1: 0.5027
Threshold: 0.82 | Macro F1: 0.5060
Threshold: 0.84 | Macro F1: 0.5087
Threshold: 0.86 | Macro F1: 0.5123
Threshold: 0.88 | Macro F1: 0.5139
Threshold: 0.90 | Macro F1: 0.5129
Threshold: 0.92 | Macro F1: 0.5135
Threshold: 0.94 | Macro F1: 0.5170
Threshold: 0.96 | Macro F1: 0.5003
Threshold: 0.98 | Macro F1: 0.4834
========================================
Best MODEL FOUND
Optimal Threshold: 0.94
Peak Macro F1: 0.5170
--> Optimal Threshold: 0.94 (Peak F1: 0.5170)
Phase 4: Training Final Model on 100% Data...
127656it [01:06, 1928.45it/s]
31915it [00:20, 1591.78it/s]
Best model @ epoch 1
Saving FINAL_CNN-BiGRU_50t_glove_300_last_epoch weights...
Phase 5: Evaluating Final Model on Test Set...
63978it [00:38, 1646.19it/s]

==================================================
INITIATING FINAL TEST EVALUATION
Threshold: 0.9399999976158142
==================================================
                                                          
OVERALL PERFORMANCE
Macro AUROC: 0.9126
Macro F1:    0.4769

PER-CLASS BREAKDOWN
Class           | AUROC   | Precision | Recall  | F1-Score
-------------------------------------------------------
toxic           | 0.9284  | 0.5413    | 0.7634  | 0.6334
severe_toxic    | 0.9114  | 0.1832    | 0.4877  | 0.2664
obscene         | 0.9365  | 0.5317    | 0.7288  | 0.6149
threat          | 0.8480  | 0.3942    | 0.3886  | 0.3914
insult          | 0.9328  | 0.4451    | 0.7091  | 0.5469
identity_hate   | 0.9188  | 0.3370    | 0.5183  | 0.4084
=======================================================
SUCCESSFULLY COMPLETED: CNN-BiGRU_50t_glove_300

============================================================
STARTING PIPELINE: CNN-BiGRU_100t_glove_100
============================================================
38296it [00:25, 1518.50it/s]
9575it [00:05, 1733.77it/s]
Phase 1: Running Sweep for CNN-BiGRU_100t_glove_100...
Create sweep with ID: crvq5x3s
Sweep URL: https://wandb.ai/zagros-devs/Toxic%20Comment%20Detection/sweeps/crvq5x3s
Best model @ epoch 3
Saving CNN-BiGRU_embed100_100t_sweep_adamW_0.001_0.001_64_[2, 3, 4]_last_epoch weights...
Best model @ epoch 4
Saving CNN-BiGRU_embed100_100t_sweep_adamW_0.005_0_16_[1, 3, 5, 7]_last_epoch weights...
Best model @ epoch 3
Saving CNN-BiGRU_embed100_100t_sweep_adamW_0.005_0.0001_64_[3, 5, 7]_last_epoch weights...
Best model @ epoch 3
Saving CNN-BiGRU_embed100_100t_sweep_adamW_0.005_0.0001_32_[1, 3, 5]_last_epoch weights...
Best model @ epoch 11
Saving CNN-BiGRU_embed100_100t_sweep_adamW_0.0001_0.001_128_[3, 4, 5]_last_epoch weights...
Best model @ epoch 4
Saving CNN-BiGRU_embed100_100t_sweep_rmsprop_0.001_0_128_[1, 3, 5, 7]_last_epoch weights...
Best model @ epoch 4
Saving CNN-BiGRU_embed100_100t_sweep_rmsprop_0.001_0.001_64_[1, 2, 3, 5]_last_epoch weights...
Best model @ epoch 17
Saving CNN-BiGRU_embed100_100t_sweep_rmsprop_0.0001_0_100_[1, 2, 3, 5]_last_epoch weights...
Best model @ epoch 3
Saving CNN-BiGRU_embed100_100t_sweep_adamW_0.001_0.0001_256_[2, 3, 4]_last_epoch weights...
Best model @ epoch 3
Saving CNN-BiGRU_embed100_100t_sweep_rmsprop_0.001_0.001_512_[1, 3, 5, 7, 11]_last_epoch weights...
Best model @ epoch 7
Saving CNN-BiGRU_embed100_100t_sweep_rmsprop_0.0005_0.001_16_[1, 3, 5]_last_epoch weights...
Best model @ epoch 7
Saving CNN-BiGRU_embed100_100t_sweep_adamW_0.0005_0.001_16_[2, 3, 4]_last_epoch weights...
Best model @ epoch 1
Saving CNN-BiGRU_embed100_100t_sweep_adamW_0.005_0_256_[3, 5, 7]_last_epoch weights...
Best model @ epoch 4
Saving CNN-BiGRU_embed100_100t_sweep_rmsprop_0.001_1e-05_128_[1, 2, 3, 5]_last_epoch weights...
Best model @ epoch 14
Saving CNN-BiGRU_embed100_100t_sweep_adamW_0.0001_0.0001_100_[3, 4, 5]_last_epoch weights...
Best model @ epoch 3
Saving CNN-BiGRU_embed100_100t_sweep_rmsprop_0.001_0.0001_256_[1, 3, 5, 7]_last_epoch weights...
Best model @ epoch 10
Saving CNN-BiGRU_embed100_100t_sweep_rmsprop_0.0001_1e-05_512_[3, 5, 7]_last_epoch weights...
Best model @ epoch 8
Saving CNN-BiGRU_embed100_100t_sweep_adamW_0.0001_0.001_512_[1, 2, 3]_last_epoch weights...
Best model @ epoch 2
Saving CNN-BiGRU_embed100_100t_sweep_adamW_0.005_0.001_128_[1, 3, 5]_last_epoch weights...
Best model @ epoch 3
Saving CNN-BiGRU_embed100_100t_sweep_adamW_0.005_1e-05_16_[1, 3, 5, 7]_last_epoch weights...
Phase 2: Fetching winning configs from W&B...
--> Best Optimizer: adamW | LR: 0.005 | Num Channels: 64 | Kernel Sizes: [3, 5, 7]
Phase 3: Finding optimal threshold...
Loading weights from model_weights/CNN-BiGRU_embed100_100t_sweep_adamW_0.005_0.0001_64_[3, 5, 7]_best.pth...
Testing Thresholds for Peak F1...
Threshold: 0.50 | Macro F1: 0.3163
Threshold: 0.52 | Macro F1: 0.3245
Threshold: 0.54 | Macro F1: 0.3314
Threshold: 0.56 | Macro F1: 0.3368
Threshold: 0.58 | Macro F1: 0.3431
Threshold: 0.60 | Macro F1: 0.3490
Threshold: 0.62 | Macro F1: 0.3560
Threshold: 0.64 | Macro F1: 0.3630
Threshold: 0.66 | Macro F1: 0.3680
Threshold: 0.68 | Macro F1: 0.3756
Threshold: 0.70 | Macro F1: 0.3811
Threshold: 0.72 | Macro F1: 0.3872
Threshold: 0.74 | Macro F1: 0.3933
Threshold: 0.76 | Macro F1: 0.3999
Threshold: 0.78 | Macro F1: 0.4057
Threshold: 0.80 | Macro F1: 0.4053
Threshold: 0.82 | Macro F1: 0.4146
Threshold: 0.84 | Macro F1: 0.4204
Threshold: 0.86 | Macro F1: 0.4301
Threshold: 0.88 | Macro F1: 0.4359
Threshold: 0.90 | Macro F1: 0.4536
Threshold: 0.92 | Macro F1: 0.4536
Threshold: 0.94 | Macro F1: 0.4467
Threshold: 0.96 | Macro F1: 0.4457
Threshold: 0.98 | Macro F1: 0.3984
========================================
Best MODEL FOUND
Optimal Threshold: 0.92
Peak Macro F1: 0.4536
--> Optimal Threshold: 0.92 (Peak F1: 0.4536)
Phase 4: Training Final Model on 100% Data...
127656it [01:17, 1648.23it/s]
31915it [00:22, 1391.67it/s]
Best model @ epoch 2
Saving FINAL_CNN-BiGRU_100t_glove_100_last_epoch weights...
Phase 5: Evaluating Final Model on Test Set...
63978it [00:47, 1338.93it/s]

==================================================
INITIATING FINAL TEST EVALUATION
Threshold: 0.9200000166893005
==================================================

OVERALL PERFORMANCE
Macro AUROC: 0.8960
Macro F1:    0.3600

PER-CLASS BREAKDOWN
Class           | AUROC   | Precision | Recall  | F1-Score
-------------------------------------------------------
toxic           | 0.9060  | 0.4946    | 0.6672  | 0.5681
severe_toxic    | 0.8893  | 0.0863    | 0.4850  | 0.1466
obscene         | 0.9107  | 0.4495    | 0.6253  | 0.5230
threat          | 0.8811  | 0.1283    | 0.4313  | 0.1978
insult          | 0.9049  | 0.3842    | 0.6145  | 0.4728
identity_hate   | 0.8841  | 0.1734    | 0.4579  | 0.2515
=======================================================
SUCCESSFULLY COMPLETED: CNN-BiGRU_100t_glove_100

============================================================
STARTING PIPELINE: CNN-BiGRU_100t_glove_300
============================================================
38296it [00:25, 1478.36it/s]
9575it [00:05, 1729.51it/s]
Phase 1: Running Sweep for CNN-BiGRU_100t_glove_300...
Create sweep with ID: ai05lkv6
Sweep URL: https://wandb.ai/zagros-devs/Toxic%20Comment%20Detection/sweeps/ai05lkv6
Best model @ epoch 5
Saving CNN-BiGRU_embed300_100t_sweep_rmsprop_0.0001_0.0001_128_[1, 3, 5, 7, 11]_last_epoch weights...
Best model @ epoch 3
Saving CNN-BiGRU_embed300_100t_sweep_adamW_0.001_0.001_16_[3, 4, 5]_last_epoch weights...
Best model @ epoch 2
Saving CNN-BiGRU_embed300_100t_sweep_rmsprop_0.005_1e-05_32_[3, 5, 7]_last_epoch weights...
Best model @ epoch 1
Saving CNN-BiGRU_embed300_100t_sweep_rmsprop_0.001_0.0001_64_[3, 5, 7]_last_epoch weights...
Best model @ epoch 5
Saving CNN-BiGRU_embed300_100t_sweep_rmsprop_0.0005_0.001_50_[1, 3, 5, 7, 11]_last_epoch weights...
Best model @ epoch 7
Saving CNN-BiGRU_embed300_100t_sweep_rmsprop_0.005_0.0001_256_[3, 5, 7]_last_epoch weights...
Best model @ epoch 9
Saving CNN-BiGRU_embed300_100t_sweep_adamW_0.0001_0_100_[2, 3, 4]_last_epoch weights...
Best model @ epoch 14
Saving CNN-BiGRU_embed300_100t_sweep_adamW_0.0001_0_64_[3, 4, 5]_last_epoch weights...
Best model @ epoch 4
Saving CNN-BiGRU_embed300_100t_sweep_adamW_0.0005_0_16_[1, 3, 5, 7]_last_epoch weights...
Best model @ epoch 11
Saving CNN-BiGRU_embed300_100t_sweep_rmsprop_0.0001_0.001_64_[2, 3, 4]_last_epoch weights...
Best model @ epoch 2
Saving CNN-BiGRU_embed300_100t_sweep_adamW_0.005_0_100_[1, 3, 5, 7, 11]_last_epoch weights...
Best model @ epoch 2
Saving CNN-BiGRU_embed300_100t_sweep_adamW_0.001_1e-05_512_[1, 2, 3]_last_epoch weights...
Best model @ epoch 8
Saving CNN-BiGRU_embed300_100t_sweep_rmsprop_0.0001_0.0001_100_[3, 5, 7]_last_epoch weights...
Best model @ epoch 10
Saving CNN-BiGRU_embed300_100t_sweep_adamW_0.0001_0_32_[1, 3, 5, 7]_last_epoch weights...
Best model @ epoch 6
Saving CNN-BiGRU_embed300_100t_sweep_rmsprop_0.0005_0.001_512_[1, 3, 5, 7, 11]_last_epoch weights...
Best model @ epoch 3
Saving CNN-BiGRU_embed300_100t_sweep_adamW_0.001_0.001_32_[3, 5, 7]_last_epoch weights...
Best model @ epoch 1
Saving CNN-BiGRU_embed300_100t_sweep_adamW_0.005_0.001_256_[2, 3, 4]_last_epoch weights...
Best model @ epoch 11
Saving CNN-BiGRU_embed300_100t_sweep_adamW_0.0001_0.0001_256_[1, 2, 3]_last_epoch weights...
Best model @ epoch 1
Saving CNN-BiGRU_embed300_100t_sweep_adamW_0.005_0.001_64_[3, 4, 5]_last_epoch weights...
Best model @ epoch 2
Saving CNN-BiGRU_embed300_100t_sweep_adamW_0.0005_0.001_128_[1, 2, 3, 5]_last_epoch weights...
Phase 2: Fetching winning configs from W&B...
--> Best Optimizer: rmsprop | LR: 0.0001 | Num Channels: 128 | Kernel Sizes: [1, 3, 5, 7, 11]
Phase 3: Finding optimal threshold...
Loading weights from model_weights/CNN-BiGRU_embed300_100t_sweep_rmsprop_0.0001_0.0001_128_[1, 3, 5, 7, 11]_best.pth...
Testing Thresholds for Peak F1...
Threshold: 0.50 | Macro F1: 0.3942
Threshold: 0.52 | Macro F1: 0.3972
Threshold: 0.54 | Macro F1: 0.4019
Threshold: 0.56 | Macro F1: 0.4072
Threshold: 0.58 | Macro F1: 0.4128
Threshold: 0.60 | Macro F1: 0.4177
Threshold: 0.62 | Macro F1: 0.4227
Threshold: 0.64 | Macro F1: 0.4281
Threshold: 0.66 | Macro F1: 0.4326
Threshold: 0.68 | Macro F1: 0.4384
Threshold: 0.70 | Macro F1: 0.4418
Threshold: 0.72 | Macro F1: 0.4475
Threshold: 0.74 | Macro F1: 0.4562
Threshold: 0.76 | Macro F1: 0.4655
Threshold: 0.78 | Macro F1: 0.4724
Threshold: 0.80 | Macro F1: 0.4818
Threshold: 0.82 | Macro F1: 0.4874
Threshold: 0.84 | Macro F1: 0.4961
Threshold: 0.86 | Macro F1: 0.5095
Threshold: 0.88 | Macro F1: 0.5231
Threshold: 0.90 | Macro F1: 0.5429
Threshold: 0.92 | Macro F1: 0.5609
Threshold: 0.94 | Macro F1: 0.5691
Threshold: 0.96 | Macro F1: 0.5834
Threshold: 0.98 | Macro F1: 0.5220
========================================
Best MODEL FOUND
Optimal Threshold: 0.96
Peak Macro F1: 0.5834
--> Optimal Threshold: 0.96 (Peak F1: 0.5834)
Phase 4: Training Final Model on 100% Data...
127656it [01:40, 1268.94it/s]
31915it [00:27, 1164.84it/s]
Epoch 1/50:   0%|          | 1/499 [00:00<03:10,  2.61it/s, loss=1.1]/mnt/DOCS/projects/PycharmProjects/UNIBO/AI_in_Industry/.venv/lib/python3.11/site-packages/torch/autograd/graph.py:744: UserWarning: Plan failed with an OutOfMemoryError: CUDA out of memory. Tried to allocate 13.60 GiB. GPU  (Triggered internally at ../aten/src/ATen/native/cudnn/Conv_v8.cpp:924.)
  return Variable._execution_engine.run_backward(  # Calls into the C++ engine to run the backward pass
Best model @ epoch 6
Saving FINAL_CNN-BiGRU_100t_glove_300_last_epoch weights...
Phase 5: Evaluating Final Model on Test Set...
63978it [00:52, 1228.58it/s]

==================================================
INITIATING FINAL TEST EVALUATION
Threshold: 0.9599999785423279
==================================================
                                                          
OVERALL PERFORMANCE
Macro AUROC: 0.9752
Macro F1:    0.4869

PER-CLASS BREAKDOWN
Class           | AUROC   | Precision | Recall  | F1-Score
-------------------------------------------------------
toxic           | 0.9633  | 0.7088    | 0.6617  | 0.6844
severe_toxic    | 0.9804  | 0.3424    | 0.3433  | 0.3429
obscene         | 0.9715  | 0.7700    | 0.5895  | 0.6678
threat          | 0.9880  | 0.6250    | 0.2844  | 0.3909
insult          | 0.9679  | 0.8612    | 0.3204  | 0.4670
identity_hate   | 0.9803  | 0.7243    | 0.2472  | 0.3686
=======================================================
SUCCESSFULLY COMPLETED: CNN-BiGRU_100t_glove_300
