Using device: cuda:0
Class Weights: [np.float64(9.433568719759382), np.float64(99.04451410658307), np.float64(17.886377086045687), np.float64(332.8305439330544), np.float64(19.25783927891329), np.float64(112.57366548042705)]

============================================================
STARTING PIPELINE: CNN_25t_glove_100
============================================================
38296it [00:22, 1681.54it/s]
9575it [00:04, 1982.34it/s]
Phase 1: Running Sweep for CNN_25t_glove_100...
Create sweep with ID: vwpb71u8
Sweep URL: https://wandb.ai/zagros-devs/Toxic%20Comment%20Detection/sweeps/vwpb71u8
Best model @ epoch 19
Saving CNN_embed100_25t_sweep_rmsprop_0.0001_0_128_[1, 3, 5, 7]_last_epoch weights...
Best model @ epoch 1
Saving CNN_embed100_25t_sweep_adamW_0.005_1e-05_64_[2, 3, 4]_last_epoch weights...
Best model @ epoch 10
Saving CNN_embed100_25t_sweep_adamW_0.0005_0_64_[1, 2, 3, 5]_last_epoch weights...
Best model @ epoch 2
Saving CNN_embed100_25t_sweep_rmsprop_0.0005_0.001_128_[1, 3, 5, 7, 11]_last_epoch weights...
Best model @ epoch 15
Saving CNN_embed100_25t_sweep_adamW_0.0001_0_64_[1, 3, 5, 7, 11]_last_epoch weights...
Best model @ epoch 4
Saving CNN_embed100_25t_sweep_rmsprop_0.001_1e-05_50_[1, 2, 3]_last_epoch weights...
Best model @ epoch 3
Saving CNN_embed100_25t_sweep_adamW_0.0005_0.0001_128_[1, 3, 5, 7, 11]_last_epoch weights...
Best model @ epoch 1
Saving CNN_embed100_25t_sweep_adamW_0.005_0.0001_256_[1, 3, 5, 7, 11]_last_epoch weights...
Best model @ epoch 2
Saving CNN_embed100_25t_sweep_rmsprop_0.005_0_64_[1, 2, 3, 5]_last_epoch weights...
Best model @ epoch 2
Saving CNN_embed100_25t_sweep_adamW_0.005_1e-05_64_[3, 4, 5]_last_epoch weights...
Best model @ epoch 10
Saving CNN_embed100_25t_sweep_rmsprop_0.0005_0.001_100_[2, 3, 4]_last_epoch weights...
Best model @ epoch 6
Saving CNN_embed100_25t_sweep_adamW_0.0005_0_100_[1, 3, 5]_last_epoch weights...
Best model @ epoch 2
Saving CNN_embed100_25t_sweep_rmsprop_0.005_0.0001_256_[1, 3, 5]_last_epoch weights...
Best model @ epoch 10
Saving CNN_embed100_25t_sweep_adamW_0.0001_1e-05_256_[1, 3, 5, 7]_last_epoch weights...
Best model @ epoch 5
Saving CNN_embed100_25t_sweep_rmsprop_0.0001_0.0001_512_[1, 3, 5, 7, 11]_last_epoch weights...
Best model @ epoch 3
Saving CNN_embed100_25t_sweep_adamW_0.001_1e-05_256_[3, 5, 7]_last_epoch weights...
Best model @ epoch 3
Saving CNN_embed100_25t_sweep_adamW_0.001_0.001_128_[2, 3, 4]_last_epoch weights...
Best model @ epoch 18
Saving CNN_embed100_25t_sweep_rmsprop_0.0001_0_128_[1, 2, 3, 5]_last_epoch weights...
Best model @ epoch 13
Saving CNN_embed100_25t_sweep_adamW_0.0005_0.0001_32_[1, 2, 3]_last_epoch weights...
Best model @ epoch 20
Saving CNN_embed100_25t_sweep_rmsprop_0.0001_1e-05_64_[2, 3, 4]_last_epoch weights...
Phase 2: Fetching winning configs from W&B...
--> Best Optimizer: adamW | LR: 0.0005 | Num Channels: 128 | Kernel Sizes: [1, 3, 5, 7, 11]
Phase 3: Finding optimal threshold...
Loading weights from model_weights/CNN_embed100_25t_sweep_adamW_0.0005_0.0001_128_[1, 3, 5, 7, 11]_best.pth...
Testing Thresholds for Peak F1...
Threshold: 0.50 | Macro F1: 0.2538
Threshold: 0.52 | Macro F1: 0.2614
Threshold: 0.54 | Macro F1: 0.2703
Threshold: 0.56 | Macro F1: 0.2795
Threshold: 0.58 | Macro F1: 0.2865
Threshold: 0.60 | Macro F1: 0.2896
Threshold: 0.62 | Macro F1: 0.2980
Threshold: 0.64 | Macro F1: 0.3052
Threshold: 0.66 | Macro F1: 0.3135
Threshold: 0.68 | Macro F1: 0.3224
Threshold: 0.70 | Macro F1: 0.3314
Threshold: 0.72 | Macro F1: 0.3402
Threshold: 0.74 | Macro F1: 0.3498
Threshold: 0.76 | Macro F1: 0.3607
Threshold: 0.78 | Macro F1: 0.3695
Threshold: 0.80 | Macro F1: 0.3764
Threshold: 0.82 | Macro F1: 0.3807
Threshold: 0.84 | Macro F1: 0.3828
Threshold: 0.86 | Macro F1: 0.3888
Threshold: 0.88 | Macro F1: 0.3926
Threshold: 0.90 | Macro F1: 0.3977
Threshold: 0.92 | Macro F1: 0.4026
Threshold: 0.94 | Macro F1: 0.3941
Threshold: 0.96 | Macro F1: 0.3838
Threshold: 0.98 | Macro F1: 0.3459
========================================
Best MODEL FOUND
Optimal Threshold: 0.92
Peak Macro F1: 0.4026
--> Optimal Threshold: 0.92 (Peak F1: 0.4026)
Phase 4: Training Final Model on 100% Data...
127656it [01:06, 1924.84it/s]
31915it [00:20, 1528.60it/s]
Best model @ epoch 3
Saving FINAL_CNN_25t_glove_100_last_epoch weights...
Phase 5: Evaluating Final Model on Test Set...
63978it [00:40, 1570.61it/s]

==================================================
INITIATING FINAL TEST EVALUATION
Threshold: 0.9200000166893005
==================================================

OVERALL PERFORMANCE
Macro AUROC: 0.8948
Macro F1:    0.3595

PER-CLASS BREAKDOWN
Class           | AUROC   | Precision | Recall  | F1-Score
-------------------------------------------------------
toxic           | 0.8793  | 0.4592    | 0.6263  | 0.5299
severe_toxic    | 0.9388  | 0.1098    | 0.4523  | 0.1767
obscene         | 0.8818  | 0.5465    | 0.4568  | 0.4976
threat          | 0.8851  | 0.2969    | 0.1801  | 0.2242
insult          | 0.8850  | 0.5246    | 0.4111  | 0.4610
identity_hate   | 0.8989  | 0.2680    | 0.2669  | 0.2674
=======================================================
SUCCESSFULLY COMPLETED: CNN_25t_glove_100

============================================================
STARTING PIPELINE: CNN_25t_glove_300
============================================================
38296it [00:24, 1571.57it/s]
9575it [00:04, 1977.02it/s]
Phase 1: Running Sweep for CNN_25t_glove_300...
Create sweep with ID: 3ne8zh8b
Sweep URL: https://wandb.ai/zagros-devs/Toxic%20Comment%20Detection/sweeps/3ne8zh8b
Best model @ epoch 7
Saving CNN_embed300_25t_sweep_rmsprop_0.0001_0.001_512_[1, 2, 3]_last_epoch weights...
Best model @ epoch 4
Saving CNN_embed300_25t_sweep_rmsprop_0.0005_1e-05_128_[1, 2, 3]_last_epoch weights...
Best model @ epoch 3
Saving CNN_embed300_25t_sweep_adamW_0.001_0.001_50_[2, 3, 4]_last_epoch weights...
Best model @ epoch 3
Saving CNN_embed300_25t_sweep_rmsprop_0.0005_0.001_64_[1, 2, 3, 5]_last_epoch weights...
Best model @ epoch 11
Saving CNN_embed300_25t_sweep_rmsprop_0.0001_1e-05_128_[3, 4, 5]_last_epoch weights...
Best model @ epoch 1
Saving CNN_embed300_25t_sweep_rmsprop_0.001_0.0001_256_[1, 3, 5, 7]_last_epoch weights...
Best model @ epoch 17
Saving CNN_embed300_25t_sweep_adamW_0.0001_1e-05_16_[3, 5, 7]_last_epoch weights...
Best model @ epoch 3
Saving CNN_embed300_25t_sweep_rmsprop_0.0005_1e-05_32_[1, 3, 5, 7]_last_epoch weights...
Best model @ epoch 1
Saving CNN_embed300_25t_sweep_rmsprop_0.001_0.0001_64_[2, 3, 4]_last_epoch weights...
Best model @ epoch 3
Saving CNN_embed300_25t_sweep_adamW_0.001_0_100_[1, 2, 3, 5]_last_epoch weights...
Best model @ epoch 2
Saving CNN_embed300_25t_sweep_adamW_0.0005_0.0001_64_[1, 3, 5, 7, 11]_last_epoch weights...
Best model @ epoch 3
Saving CNN_embed300_25t_sweep_adamW_0.0005_1e-05_128_[1, 3, 5, 7]_last_epoch weights...
Best model @ epoch 1
Saving CNN_embed300_25t_sweep_rmsprop_0.005_0_64_[1, 3, 5, 7]_last_epoch weights...
Best model @ epoch 1
Saving CNN_embed300_25t_sweep_rmsprop_0.0005_0.0001_128_[2, 3, 4]_last_epoch weights...
Best model @ epoch 8
Saving CNN_embed300_25t_sweep_rmsprop_0.0001_1e-05_100_[3, 4, 5]_last_epoch weights...
Best model @ epoch 2
Saving CNN_embed300_25t_sweep_adamW_0.005_0.001_50_[1, 3, 5, 7]_last_epoch weights...
Best model @ epoch 1
Saving CNN_embed300_25t_sweep_adamW_0.005_0.0001_100_[1, 3, 5, 7, 11]_last_epoch weights...
Best model @ epoch 4
Saving CNN_embed300_25t_sweep_adamW_0.0005_0.0001_32_[3, 4, 5]_last_epoch weights...
Best model @ epoch 10
Saving CNN_embed300_25t_sweep_adamW_0.0001_0.0001_50_[1, 3, 5, 7, 11]_last_epoch weights...
Best model @ epoch 2
Saving CNN_embed300_25t_sweep_adamW_0.001_0.0001_100_[1, 3, 5, 7, 11]_last_epoch weights...
Phase 2: Fetching winning configs from W&B...
--> Best Optimizer: rmsprop | LR: 0.0005 | Num Channels: 64 | Kernel Sizes: [1, 2, 3, 5]
Phase 3: Finding optimal threshold...
Loading weights from model_weights/CNN_embed300_25t_sweep_rmsprop_0.0005_0.001_64_[1, 2, 3, 5]_best.pth...
Testing Thresholds for Peak F1...
Threshold: 0.50 | Macro F1: 0.3879
Threshold: 0.52 | Macro F1: 0.3950
Threshold: 0.54 | Macro F1: 0.4022
Threshold: 0.56 | Macro F1: 0.4095
Threshold: 0.58 | Macro F1: 0.4150
Threshold: 0.60 | Macro F1: 0.4215
Threshold: 0.62 | Macro F1: 0.4270
Threshold: 0.64 | Macro F1: 0.4339
Threshold: 0.66 | Macro F1: 0.4388
Threshold: 0.68 | Macro F1: 0.4431
Threshold: 0.70 | Macro F1: 0.4492
Threshold: 0.72 | Macro F1: 0.4559
Threshold: 0.74 | Macro F1: 0.4622
Threshold: 0.76 | Macro F1: 0.4669
Threshold: 0.78 | Macro F1: 0.4744
Threshold: 0.80 | Macro F1: 0.4804
Threshold: 0.82 | Macro F1: 0.4870
Threshold: 0.84 | Macro F1: 0.4931
Threshold: 0.86 | Macro F1: 0.4939
Threshold: 0.88 | Macro F1: 0.4994
Threshold: 0.90 | Macro F1: 0.5042
Threshold: 0.92 | Macro F1: 0.5087
Threshold: 0.94 | Macro F1: 0.5170
Threshold: 0.96 | Macro F1: 0.4995
Threshold: 0.98 | Macro F1: 0.4783
========================================
Best MODEL FOUND
Optimal Threshold: 0.94
Peak Macro F1: 0.5170
--> Optimal Threshold: 0.94 (Peak F1: 0.5170)
Phase 4: Training Final Model on 100% Data...
127656it [01:05, 1941.72it/s]
31915it [00:21, 1507.73it/s]
Best model @ epoch 2
Saving FINAL_CNN_25t_glove_300_last_epoch weights...
Phase 5: Evaluating Final Model on Test Set...
63978it [00:40, 1585.78it/s]

==================================================
INITIATING FINAL TEST EVALUATION
Threshold: 0.9399999976158142
==================================================

OVERALL PERFORMANCE
Macro AUROC: 0.9448
Macro F1:    0.4881

PER-CLASS BREAKDOWN
Class           | AUROC   | Precision | Recall  | F1-Score
-------------------------------------------------------
toxic           | 0.9279  | 0.6722    | 0.6210  | 0.6456
severe_toxic    | 0.9640  | 0.2674    | 0.3351  | 0.2975
obscene         | 0.9342  | 0.7524    | 0.5451  | 0.6322
threat          | 0.9514  | 0.5327    | 0.2701  | 0.3585
insult          | 0.9352  | 0.7021    | 0.4435  | 0.5436
identity_hate   | 0.9559  | 0.6052    | 0.3596  | 0.4511
=======================================================
SUCCESSFULLY COMPLETED: CNN_25t_glove_300

============================================================
STARTING PIPELINE: CNN_50t_glove_100
============================================================
38296it [00:24, 1565.23it/s]
9575it [00:05, 1879.34it/s]
Phase 1: Running Sweep for CNN_50t_glove_100...
Create sweep with ID: l9bc6tqf
Sweep URL: https://wandb.ai/zagros-devs/Toxic%20Comment%20Detection/sweeps/l9bc6tqf
Best model @ epoch 2
Saving CNN_embed100_50t_sweep_adamW_0.005_0_128_[1, 3, 5, 7]_last_epoch weights...
Best model @ epoch 5
Saving CNN_embed100_50t_sweep_rmsprop_0.001_0.001_32_[1, 3, 5, 7]_last_epoch weights...
Best model @ epoch 7
Saving CNN_embed100_50t_sweep_rmsprop_0.0005_0_256_[1, 3, 5]_last_epoch weights...
Best model @ epoch 2
Saving CNN_embed100_50t_sweep_adamW_0.005_0_256_[1, 3, 5, 7, 11]_last_epoch weights...
Best model @ epoch 1
Saving CNN_embed100_50t_sweep_rmsprop_0.001_0.001_512_[1, 3, 5, 7, 11]_last_epoch weights...
Best model @ epoch 20
Saving CNN_embed100_50t_sweep_rmsprop_0.0001_0.0001_32_[1, 2, 3]_last_epoch weights...
Best model @ epoch 2
Saving CNN_embed100_50t_sweep_rmsprop_0.005_0.0001_512_[1, 3, 5, 7]_last_epoch weights...
Best model @ epoch 9
Saving CNN_embed100_50t_sweep_adamW_0.0005_0.0001_50_[3, 5, 7]_last_epoch weights...
Best model @ epoch 11
Saving CNN_embed100_50t_sweep_rmsprop_0.0001_1e-05_256_[3, 5, 7]_last_epoch weights...
Best model @ epoch 4
Saving CNN_embed100_50t_sweep_adamW_0.001_0.001_32_[1, 3, 5, 7, 11]_last_epoch weights...
Best model @ epoch 7
Saving CNN_embed100_50t_sweep_adamW_0.0001_0.0001_512_[1, 3, 5, 7, 11]_last_epoch weights...
Best model @ epoch 2
Saving CNN_embed100_50t_sweep_rmsprop_0.001_0_256_[1, 2, 3, 5]_last_epoch weights...
Best model @ epoch 2
Saving CNN_embed100_50t_sweep_adamW_0.001_0.0001_512_[1, 3, 5, 7, 11]_last_epoch weights...
Best model @ epoch 2
Saving CNN_embed100_50t_sweep_adamW_0.005_0.0001_32_[1, 3, 5, 7, 11]_last_epoch weights...
Best model @ epoch 5
Saving CNN_embed100_50t_sweep_rmsprop_0.0005_1e-05_512_[1, 2, 3]_last_epoch weights...
Best model @ epoch 6
Saving CNN_embed100_50t_sweep_adamW_0.0005_0.001_32_[1, 3, 5, 7, 11]_last_epoch weights...
Best model @ epoch 1
Saving CNN_embed100_50t_sweep_adamW_0.005_0.0001_256_[1, 2, 3]_last_epoch weights...
Best model @ epoch 10
Saving CNN_embed100_50t_sweep_rmsprop_0.0001_0_512_[1, 3, 5]_last_epoch weights...
Best model @ epoch 11
Saving CNN_embed100_50t_sweep_rmsprop_0.0005_1e-05_100_[1, 2, 3]_last_epoch weights...
Best model @ epoch 10
Saving CNN_embed100_50t_sweep_rmsprop_0.001_1e-05_50_[3, 4, 5]_last_epoch weights...
Phase 2: Fetching winning configs from W&B...
--> Best Optimizer: adamW | LR: 0.0005 | Num Channels: 50 | Kernel Sizes: [3, 5, 7]
Phase 3: Finding optimal threshold...
Loading weights from model_weights/CNN_embed100_50t_sweep_adamW_0.0005_0.0001_50_[3, 5, 7]_best.pth...
Testing Thresholds for Peak F1...
Threshold: 0.50 | Macro F1: 0.3202
Threshold: 0.52 | Macro F1: 0.3257
Threshold: 0.54 | Macro F1: 0.3327
Threshold: 0.56 | Macro F1: 0.3394
Threshold: 0.58 | Macro F1: 0.3455
Threshold: 0.60 | Macro F1: 0.3505
Threshold: 0.62 | Macro F1: 0.3576
Threshold: 0.64 | Macro F1: 0.3644
Threshold: 0.66 | Macro F1: 0.3701
Threshold: 0.68 | Macro F1: 0.3752
Threshold: 0.70 | Macro F1: 0.3819
Threshold: 0.72 | Macro F1: 0.3867
Threshold: 0.74 | Macro F1: 0.3929
Threshold: 0.76 | Macro F1: 0.4007
Threshold: 0.78 | Macro F1: 0.4092
Threshold: 0.80 | Macro F1: 0.4182
Threshold: 0.82 | Macro F1: 0.4236
Threshold: 0.84 | Macro F1: 0.4247
Threshold: 0.86 | Macro F1: 0.4318
Threshold: 0.88 | Macro F1: 0.4334
Threshold: 0.90 | Macro F1: 0.4368
Threshold: 0.92 | Macro F1: 0.4354
Threshold: 0.94 | Macro F1: 0.4364
Threshold: 0.96 | Macro F1: 0.4156
Threshold: 0.98 | Macro F1: 0.3957
========================================
Best MODEL FOUND
Optimal Threshold: 0.90
Peak Macro F1: 0.4368
--> Optimal Threshold: 0.90 (Peak F1: 0.4368)
Phase 4: Training Final Model on 100% Data...
127656it [01:01, 2063.94it/s]
31915it [00:19, 1606.21it/s]
Best model @ epoch 4
Saving FINAL_CNN_50t_glove_100_last_epoch weights...
Phase 5: Evaluating Final Model on Test Set...
63978it [00:37, 1698.27it/s]

==================================================
INITIATING FINAL TEST EVALUATION
Threshold: 0.8999999761581421
==================================================

OVERALL PERFORMANCE
Macro AUROC: 0.9213
Macro F1:    0.3562

PER-CLASS BREAKDOWN
Class           | AUROC   | Precision | Recall  | F1-Score
-------------------------------------------------------
toxic           | 0.9076  | 0.4814    | 0.6869  | 0.5661
severe_toxic    | 0.9451  | 0.0913    | 0.5286  | 0.1558
obscene         | 0.9109  | 0.4464    | 0.6055  | 0.5139
threat          | 0.9396  | 0.1464    | 0.3602  | 0.2082
insult          | 0.9108  | 0.4473    | 0.5130  | 0.4779
identity_hate   | 0.9137  | 0.1559    | 0.3483  | 0.2154
=======================================================
SUCCESSFULLY COMPLETED: CNN_50t_glove_100

============================================================
STARTING PIPELINE: CNN_50t_glove_300
============================================================
38296it [00:21, 1768.65it/s]
9575it [00:04, 1984.97it/s]
Phase 1: Running Sweep for CNN_50t_glove_300...
Create sweep with ID: pvrbqlfp
Sweep URL: https://wandb.ai/zagros-devs/Toxic%20Comment%20Detection/sweeps/pvrbqlfp
Best model @ epoch 1
Saving CNN_embed300_50t_sweep_adamW_0.005_0.001_512_[3, 4, 5]_last_epoch weights...
Best model @ epoch 3
Saving CNN_embed300_50t_sweep_rmsprop_0.001_0_128_[2, 3, 4]_last_epoch weights...
Best model @ epoch 4
Saving CNN_embed300_50t_sweep_adamW_0.001_0.0001_16_[3, 4, 5]_last_epoch weights...
Best model @ epoch 1
Saving CNN_embed300_50t_sweep_adamW_0.005_0_50_[3, 5, 7]_last_epoch weights...
Best model @ epoch 5
Saving CNN_embed300_50t_sweep_adamW_0.0005_0_100_[1, 2, 3, 5]_last_epoch weights...
Best model @ epoch 1
Saving CNN_embed300_50t_sweep_adamW_0.001_1e-05_512_[1, 3, 5, 7]_last_epoch weights...
Best model @ epoch 2
Saving CNN_embed300_50t_sweep_adamW_0.001_0_512_[1, 3, 5]_last_epoch weights...
Best model @ epoch 11
Saving CNN_embed300_50t_sweep_adamW_0.0001_1e-05_256_[1, 3, 5]_last_epoch weights...
Best model @ epoch 11
Saving CNN_embed300_50t_sweep_rmsprop_0.0001_0_64_[3, 5, 7]_last_epoch weights...
Best model @ epoch 2
Saving CNN_embed300_50t_sweep_adamW_0.001_0_64_[3, 5, 7]_last_epoch weights...
Best model @ epoch 2
Saving CNN_embed300_50t_sweep_adamW_0.001_0.0001_512_[2, 3, 4]_last_epoch weights...
Best model @ epoch 2
Saving CNN_embed300_50t_sweep_adamW_0.0005_0.001_256_[1, 3, 5, 7, 11]_last_epoch weights...
Best model @ epoch 2
Saving CNN_embed300_50t_sweep_rmsprop_0.005_0.001_256_[3, 5, 7]_last_epoch weights...
Best model @ epoch 19
Saving CNN_embed300_50t_sweep_adamW_0.0001_0.001_16_[1, 3, 5, 7]_last_epoch weights...
Best model @ epoch 9
Saving CNN_embed300_50t_sweep_adamW_0.0005_0.0001_16_[2, 3, 4]_last_epoch weights...
Best model @ epoch 20
Saving CNN_embed300_50t_sweep_adamW_0.0001_1e-05_50_[1, 2, 3, 5]_last_epoch weights...
Best model @ epoch 6
Saving CNN_embed300_50t_sweep_adamW_0.0005_0.0001_50_[1, 2, 3, 5]_last_epoch weights...
Best model @ epoch 8
Saving CNN_embed300_50t_sweep_rmsprop_0.0005_0.0001_16_[3, 5, 7]_last_epoch weights...
Best model @ epoch 8
Saving CNN_embed300_50t_sweep_adamW_0.0001_0.0001_256_[1, 3, 5, 7]_last_epoch weights...
Best model @ epoch 3
Saving CNN_embed300_50t_sweep_adamW_0.001_0.0001_512_[1, 2, 3]_last_epoch weights...
Phase 2: Fetching winning configs from W&B...
--> Best Optimizer: rmsprop | LR: 0.0001 | Num Channels: 64 | Kernel Sizes: [3, 5, 7]
Phase 3: Finding optimal threshold...
Loading weights from model_weights/CNN_embed300_50t_sweep_rmsprop_0.0001_0_64_[3, 5, 7]_best.pth...
Testing Thresholds for Peak F1...
Threshold: 0.50 | Macro F1: 0.4136
Threshold: 0.52 | Macro F1: 0.4210
Threshold: 0.54 | Macro F1: 0.4277
Threshold: 0.56 | Macro F1: 0.4348
Threshold: 0.58 | Macro F1: 0.4405
Threshold: 0.60 | Macro F1: 0.4472
Threshold: 0.62 | Macro F1: 0.4518
Threshold: 0.64 | Macro F1: 0.4574
Threshold: 0.66 | Macro F1: 0.4645
Threshold: 0.68 | Macro F1: 0.4679
Threshold: 0.70 | Macro F1: 0.4750
Threshold: 0.72 | Macro F1: 0.4807
Threshold: 0.74 | Macro F1: 0.4859
Threshold: 0.76 | Macro F1: 0.4902
Threshold: 0.78 | Macro F1: 0.4966
Threshold: 0.80 | Macro F1: 0.5032
Threshold: 0.82 | Macro F1: 0.5101
Threshold: 0.84 | Macro F1: 0.5155
Threshold: 0.86 | Macro F1: 0.5192
Threshold: 0.88 | Macro F1: 0.5232
Threshold: 0.90 | Macro F1: 0.5243
Threshold: 0.92 | Macro F1: 0.5117
Threshold: 0.94 | Macro F1: 0.5029
Threshold: 0.96 | Macro F1: 0.4902
Threshold: 0.98 | Macro F1: 0.4546
========================================
Best MODEL FOUND
Optimal Threshold: 0.90
Peak Macro F1: 0.5243
--> Optimal Threshold: 0.90 (Peak F1: 0.5243)
Phase 4: Training Final Model on 100% Data...
127656it [01:05, 1944.77it/s]
31915it [00:20, 1584.38it/s]
Best model @ epoch 8
Saving FINAL_CNN_50t_glove_300_last_epoch weights...
Phase 5: Evaluating Final Model on Test Set...
63978it [00:38, 1650.84it/s]

==================================================
INITIATING FINAL TEST EVALUATION
Threshold: 0.8999999761581421
==================================================

OVERALL PERFORMANCE
Macro AUROC: 0.9700
Macro F1:    0.5482

PER-CLASS BREAKDOWN
Class           | AUROC   | Precision | Recall  | F1-Score
-------------------------------------------------------
toxic           | 0.9549  | 0.6056    | 0.7644  | 0.6758
severe_toxic    | 0.9784  | 0.2494    | 0.5640  | 0.3459
obscene         | 0.9639  | 0.6627    | 0.6887  | 0.6754
threat          | 0.9851  | 0.4383    | 0.4882  | 0.4619
insult          | 0.9622  | 0.6385    | 0.6215  | 0.6299
identity_hate   | 0.9758  | 0.5141    | 0.4874  | 0.5004
=======================================================
SUCCESSFULLY COMPLETED: CNN_50t_glove_300

============================================================
STARTING PIPELINE: CNN_100t_glove_100
============================================================
38296it [00:25, 1512.05it/s]
9575it [00:05, 1739.45it/s]
Phase 1: Running Sweep for CNN_100t_glove_100...
Create sweep with ID: 75tuwcql
Sweep URL: https://wandb.ai/zagros-devs/Toxic%20Comment%20Detection/sweeps/75tuwcql
Best model @ epoch 5
Saving CNN_embed100_100t_sweep_adamW_0.001_1e-05_50_[3, 5, 7]_last_epoch weights...
Best model @ epoch 3
Saving CNN_embed100_100t_sweep_rmsprop_0.005_0.001_50_[1, 2, 3]_last_epoch weights...
Best model @ epoch 15
Saving CNN_embed100_100t_sweep_adamW_0.0001_0_256_[1, 3, 5, 7]_last_epoch weights...
Best model @ epoch 2
Saving CNN_embed100_100t_sweep_rmsprop_0.005_0.001_128_[2, 3, 4]_last_epoch weights...
Best model @ epoch 8
Saving CNN_embed100_100t_sweep_rmsprop_0.0005_1e-05_32_[1, 3, 5, 7]_last_epoch weights...
Best model @ epoch 4
Saving CNN_embed100_100t_sweep_adamW_0.0005_0_100_[3, 4, 5]_last_epoch weights...
Best model @ epoch 9
Saving CNN_embed100_100t_sweep_adamW_0.0005_0.0001_32_[1, 3, 5, 7]_last_epoch weights...
Best model @ epoch 1
Saving CNN_embed100_100t_sweep_adamW_0.005_0.0001_256_[1, 2, 3, 5]_last_epoch weights...
Best model @ epoch 6
Saving CNN_embed100_100t_sweep_rmsprop_0.001_1e-05_32_[1, 3, 5]_last_epoch weights...
Best model @ epoch 19
Saving CNN_embed100_100t_sweep_adamW_0.0001_0_128_[3, 5, 7]_last_epoch weights...
Best model @ epoch 11
Saving CNN_embed100_100t_sweep_adamW_0.0005_1e-05_16_[3, 5, 7]_last_epoch weights...
Best model @ epoch 4
Saving CNN_embed100_100t_sweep_rmsprop_0.001_0.001_512_[3, 4, 5]_last_epoch weights...
Best model @ epoch 3
Saving CNN_embed100_100t_sweep_adamW_0.005_0.001_16_[1, 2, 3, 5]_last_epoch weights...
Best model @ epoch 2
Saving CNN_embed100_100t_sweep_adamW_0.005_0_128_[1, 2, 3, 5]_last_epoch weights...
Best model @ epoch 3
Saving CNN_embed100_100t_sweep_adamW_0.001_0.001_256_[1, 2, 3]_last_epoch weights...
Best model @ epoch 2
Saving CNN_embed100_100t_sweep_rmsprop_0.005_1e-05_32_[1, 2, 3]_last_epoch weights...
Best model @ epoch 6
Saving CNN_embed100_100t_sweep_rmsprop_0.0005_0.001_128_[3, 5, 7]_last_epoch weights...
Best model @ epoch 3
Saving CNN_embed100_100t_sweep_rmsprop_0.005_1e-05_16_[3, 5, 7]_last_epoch weights...
Best model @ epoch 18
Saving CNN_embed100_100t_sweep_rmsprop_0.0001_0_32_[1, 3, 5, 7, 11]_last_epoch weights...
Best model @ epoch 3
Saving CNN_embed100_100t_sweep_rmsprop_0.001_1e-05_64_[3, 4, 5]_last_epoch weights...
Phase 2: Fetching winning configs from W&B...
--> Best Optimizer: adamW | LR: 0.005 | Num Channels: 128 | Kernel Sizes: [1, 2, 3, 5]
Phase 3: Finding optimal threshold...
Loading weights from model_weights/CNN_embed100_100t_sweep_adamW_0.005_0_128_[1, 2, 3, 5]_best.pth...
Testing Thresholds for Peak F1...
Threshold: 0.50 | Macro F1: 0.2880
Threshold: 0.52 | Macro F1: 0.2957
Threshold: 0.54 | Macro F1: 0.3028
Threshold: 0.56 | Macro F1: 0.3086
Threshold: 0.58 | Macro F1: 0.3137
Threshold: 0.60 | Macro F1: 0.3207
Threshold: 0.62 | Macro F1: 0.3262
Threshold: 0.64 | Macro F1: 0.3339
Threshold: 0.66 | Macro F1: 0.3429
Threshold: 0.68 | Macro F1: 0.3501
Threshold: 0.70 | Macro F1: 0.3553
Threshold: 0.72 | Macro F1: 0.3642
Threshold: 0.74 | Macro F1: 0.3729
Threshold: 0.76 | Macro F1: 0.3823
Threshold: 0.78 | Macro F1: 0.3904
Threshold: 0.80 | Macro F1: 0.3970
Threshold: 0.82 | Macro F1: 0.4049
Threshold: 0.84 | Macro F1: 0.4121
Threshold: 0.86 | Macro F1: 0.4197
Threshold: 0.88 | Macro F1: 0.4285
Threshold: 0.90 | Macro F1: 0.4389
Threshold: 0.92 | Macro F1: 0.4444
Threshold: 0.94 | Macro F1: 0.4540
Threshold: 0.96 | Macro F1: 0.4602
Threshold: 0.98 | Macro F1: 0.4759
========================================
Best MODEL FOUND
Optimal Threshold: 0.98
Peak Macro F1: 0.4759
--> Optimal Threshold: 0.98 (Peak F1: 0.4759)
Phase 4: Training Final Model on 100% Data...
127656it [01:17, 1646.19it/s]
31915it [00:22, 1397.25it/s]
Best model @ epoch 1
Saving FINAL_CNN_100t_glove_100_last_epoch weights...
Phase 5: Evaluating Final Model on Test Set...
63978it [00:45, 1393.10it/s]

==================================================
INITIATING FINAL TEST EVALUATION
Threshold: 0.9800000190734863
==================================================

OVERALL PERFORMANCE
Macro AUROC: 0.8761
Macro F1:    0.3762

PER-CLASS BREAKDOWN
Class           | AUROC   | Precision | Recall  | F1-Score
-------------------------------------------------------
toxic           | 0.9019  | 0.5385    | 0.5711  | 0.5543
severe_toxic    | 0.8314  | 0.1649    | 0.2098  | 0.1847
obscene         | 0.9032  | 0.5425    | 0.5167  | 0.5293
threat          | 0.8306  | 0.1747    | 0.3270  | 0.2277
insult          | 0.9008  | 0.5354    | 0.4190  | 0.4701
identity_hate   | 0.8884  | 0.2302    | 0.3961  | 0.2912
=======================================================
SUCCESSFULLY COMPLETED: CNN_100t_glove_100

============================================================
STARTING PIPELINE: CNN_100t_glove_300
============================================================
38296it [00:25, 1476.99it/s]
9575it [00:05, 1697.50it/s]
Phase 1: Running Sweep for CNN_100t_glove_300...
Create sweep with ID: jn2nny5f
Sweep URL: https://wandb.ai/zagros-devs/Toxic%20Comment%20Detection/sweeps/jn2nny5f
Best model @ epoch 7
Saving CNN_embed300_100t_sweep_rmsprop_0.0005_0.001_16_[1, 2, 3]_last_epoch weights...
Best model @ epoch 1
Saving CNN_embed300_100t_sweep_adamW_0.005_1e-05_128_[1, 3, 5, 7, 11]_last_epoch weights...
Best model @ epoch 2
Saving CNN_embed300_100t_sweep_rmsprop_0.0005_0.0001_256_[1, 2, 3]_last_epoch weights...
Best model @ epoch 8
Saving CNN_embed300_100t_sweep_rmsprop_0.0005_0_32_[2, 3, 4]_last_epoch weights...
Best model @ epoch 3
Saving CNN_embed300_100t_sweep_adamW_0.001_1e-05_128_[1, 2, 3]_last_epoch weights...
Best model @ epoch 2
Saving CNN_embed300_100t_sweep_adamW_0.001_1e-05_128_[1, 2, 3, 5]_last_epoch weights...
Best model @ epoch 2
Saving CNN_embed300_100t_sweep_rmsprop_0.001_1e-05_100_[1, 3, 5, 7, 11]_last_epoch weights...
Best model @ epoch 8
Saving CNN_embed300_100t_sweep_adamW_0.0001_0.0001_256_[3, 5, 7]_last_epoch weights...
Best model @ epoch 14
Saving CNN_embed300_100t_sweep_adamW_0.0001_0.0001_100_[3, 4, 5]_last_epoch weights...
Best model @ epoch 4
Saving CNN_embed300_100t_sweep_adamW_0.0005_0.0001_256_[2, 3, 4]_last_epoch weights...
Best model @ epoch 3
Saving CNN_embed300_100t_sweep_rmsprop_0.005_0.0001_64_[1, 3, 5, 7, 11]_last_epoch weights...
Best model @ epoch 4
Saving CNN_embed300_100t_sweep_adamW_0.001_0.001_100_[2, 3, 4]_last_epoch weights...
Best model @ epoch 3
Saving CNN_embed300_100t_sweep_adamW_0.0005_0_128_[3, 4, 5]_last_epoch weights...
Best model @ epoch 20
Saving CNN_embed300_100t_sweep_adamW_0.0001_0.0001_50_[1, 2, 3, 5]_last_epoch weights...
Best model @ epoch 1
Saving CNN_embed300_100t_sweep_adamW_0.005_0_16_[1, 3, 5, 7]_last_epoch weights...
Best model @ epoch 2
Saving CNN_embed300_100t_sweep_adamW_0.001_0.0001_256_[3, 4, 5]_last_epoch weights...
Best model @ epoch 2
Saving CNN_embed300_100t_sweep_adamW_0.001_0.001_256_[1, 2, 3, 5]_last_epoch weights...
Best model @ epoch 3
Saving CNN_embed300_100t_sweep_adamW_0.001_0.0001_16_[3, 4, 5]_last_epoch weights...
Best model @ epoch 2
Saving CNN_embed300_100t_sweep_adamW_0.0005_0_256_[3, 5, 7]_last_epoch weights...
Best model @ epoch 2
Saving CNN_embed300_100t_sweep_rmsprop_0.001_0_64_[1, 3, 5]_last_epoch weights...
Phase 2: Fetching winning configs from W&B...
--> Best Optimizer: adamW | LR: 0.001 | Num Channels: 100 | Kernel Sizes: [2, 3, 4]
Phase 3: Finding optimal threshold...
Loading weights from model_weights/CNN_embed300_100t_sweep_adamW_0.001_0.001_100_[2, 3, 4]_best.pth...
Testing Thresholds for Peak F1...
Threshold: 0.50 | Macro F1: 0.4578
Threshold: 0.52 | Macro F1: 0.4640
Threshold: 0.54 | Macro F1: 0.4689
Threshold: 0.56 | Macro F1: 0.4734
Threshold: 0.58 | Macro F1: 0.4791
Threshold: 0.60 | Macro F1: 0.4847
Threshold: 0.62 | Macro F1: 0.4898
Threshold: 0.64 | Macro F1: 0.4945
Threshold: 0.66 | Macro F1: 0.4995
Threshold: 0.68 | Macro F1: 0.5057
Threshold: 0.70 | Macro F1: 0.5119
Threshold: 0.72 | Macro F1: 0.5190
Threshold: 0.74 | Macro F1: 0.5277
Threshold: 0.76 | Macro F1: 0.5331
Threshold: 0.78 | Macro F1: 0.5364
Threshold: 0.80 | Macro F1: 0.5412
Threshold: 0.82 | Macro F1: 0.5463
Threshold: 0.84 | Macro F1: 0.5548
Threshold: 0.86 | Macro F1: 0.5616
Threshold: 0.88 | Macro F1: 0.5731
Threshold: 0.90 | Macro F1: 0.5861
Threshold: 0.92 | Macro F1: 0.5914
Threshold: 0.94 | Macro F1: 0.6028
Threshold: 0.96 | Macro F1: 0.6079
Threshold: 0.98 | Macro F1: 0.5907
========================================
Best MODEL FOUND
Optimal Threshold: 0.96
Peak Macro F1: 0.6079
--> Optimal Threshold: 0.96 (Peak F1: 0.6079)
Phase 4: Training Final Model on 100% Data...
127656it [01:16, 1658.35it/s]
31915it [00:23, 1337.67it/s]
Best model @ epoch 3
Saving FINAL_CNN_100t_glove_300_last_epoch weights...
Phase 5: Evaluating Final Model on Test Set...
63978it [00:45, 1404.07it/s]

==================================================
INITIATING FINAL TEST EVALUATION
Threshold: 0.9599999785423279
==================================================

OVERALL PERFORMANCE
Macro AUROC: 0.9565
Macro F1:    0.5169

PER-CLASS BREAKDOWN
Class           | AUROC   | Precision | Recall  | F1-Score
-------------------------------------------------------
toxic           | 0.9492  | 0.5388    | 0.8164  | 0.6492
severe_toxic    | 0.9519  | 0.2488    | 0.2834  | 0.2650
obscene         | 0.9599  | 0.5870    | 0.7339  | 0.6523
threat          | 0.9587  | 0.4466    | 0.4360  | 0.4412
insult          | 0.9565  | 0.6073    | 0.6218  | 0.6145
identity_hate   | 0.9628  | 0.5008    | 0.4593  | 0.4791
=======================================================
SUCCESSFULLY COMPLETED: CNN_100t_glove_300
