Using device: cuda:0
Class Weights: [np.float64(9.433568719759382), np.float64(99.04451410658307), np.float64(17.886377086045687), np.float64(332.8305439330544), np.float64(19.25783927891329), np.float64(112.57366548042705)]

============================================================
STARTING PIPELINE: MCBiGRU_25t_glove_100
============================================================
38296it [00:21, 1778.17it/s]
9575it [00:04, 2172.58it/s]
Phase 1: Running Sweep for MCBiGRU_25t_glove_100...
Create sweep with ID: izykoglk
Sweep URL: https://wandb.ai/zagros-devs/Toxic%20Comment%20Detection/sweeps/izykoglk
Best model @ epoch 18
Saving MCBiGRU_embed100_25t_sweep_rmsprop_0.0001_0_100_[3, 4, 5]_last_epoch weights...
Best model @ epoch 14
Saving MCBiGRU_embed100_25t_sweep_adamW_0.005_1e-05_100_[1, 3, 5]_last_epoch weights...
Best model @ epoch 15
Saving MCBiGRU_embed100_25t_sweep_adamW_0.0001_1e-05_16_[1, 3, 5]_last_epoch weights...
Best model @ epoch 18
Saving MCBiGRU_embed100_25t_sweep_adamW_0.0005_0_32_[3, 5, 7]_last_epoch weights...
Best model @ epoch 20
Saving MCBiGRU_embed100_25t_sweep_adamW_0.0001_1e-05_50_[1, 3, 5]_last_epoch weights...
Best model @ epoch 17
Saving MCBiGRU_embed100_25t_sweep_rmsprop_0.001_0_512_[3, 4, 5]_last_epoch weights...
Best model @ epoch 20
Saving MCBiGRU_embed100_25t_sweep_adamW_0.0001_0.0001_256_[1, 2, 3, 5]_last_epoch weights...
Best model @ epoch 17
Saving MCBiGRU_embed100_25t_sweep_rmsprop_0.0005_1e-05_512_[1, 2, 3]_last_epoch weights...
Best model @ epoch 20
Saving MCBiGRU_embed100_25t_sweep_adamW_0.0005_1e-05_50_[1, 3, 5]_last_epoch weights...
Best model @ epoch 20
Saving MCBiGRU_embed100_25t_sweep_adamW_0.0005_0.001_16_[1, 3, 5]_last_epoch weights...
Best model @ epoch 20
Saving MCBiGRU_embed100_25t_sweep_rmsprop_0.005_0.001_256_[3, 4, 5]_last_epoch weights...
Best model @ epoch 17
Saving MCBiGRU_embed100_25t_sweep_adamW_0.0005_0.001_128_[3, 5, 7]_last_epoch weights...
Best model @ epoch 19
Saving MCBiGRU_embed100_25t_sweep_adamW_0.0005_0_50_[3, 4, 5]_last_epoch weights...
Best model @ epoch 18
Saving MCBiGRU_embed100_25t_sweep_rmsprop_0.001_0.0001_16_[3, 4, 5]_last_epoch weights...
Best model @ epoch 20
Saving MCBiGRU_embed100_25t_sweep_rmsprop_0.0001_0.001_16_[3, 5, 7]_last_epoch weights...
Best model @ epoch 17
Saving MCBiGRU_embed100_25t_sweep_rmsprop_0.001_0.001_256_[3, 4, 5]_last_epoch weights...
Best model @ epoch 19
Saving MCBiGRU_embed100_25t_sweep_adamW_0.0001_1e-05_32_[1, 2, 3, 5]_last_epoch weights...
Best model @ epoch 11
Saving MCBiGRU_embed100_25t_sweep_rmsprop_0.005_0.0001_256_[1, 3, 5, 7, 11]_last_epoch weights...
Best model @ epoch 18
Saving MCBiGRU_embed100_25t_sweep_adamW_0.001_0.0001_512_[1, 2, 3, 5]_last_epoch weights...
Best model @ epoch 20
Saving MCBiGRU_embed100_25t_sweep_adamW_0.0005_0.0001_64_[2, 3, 4]_last_epoch weights...
Phase 2: Fetching winning configs from W&B...
--> Best Optimizer: rmsprop | LR: 0.001 | Num Channels: 256 | Kernel Sizes: [3, 4, 5]
Phase 3: Finding optimal threshold...
Loading weights from model_weights/MCBiGRU_embed100_25t_sweep_rmsprop_0.001_0.001_256_[3, 4, 5]_best.pth...
Testing Thresholds for Peak F1...
Threshold: 0.50 | Macro F1: 0.2846
Threshold: 0.52 | Macro F1: 0.2874
Threshold: 0.54 | Macro F1: 0.2898
Threshold: 0.56 | Macro F1: 0.2920
Threshold: 0.58 | Macro F1: 0.2954
Threshold: 0.60 | Macro F1: 0.2976
Threshold: 0.62 | Macro F1: 0.3013
Threshold: 0.64 | Macro F1: 0.3055
Threshold: 0.66 | Macro F1: 0.3092
Threshold: 0.68 | Macro F1: 0.3123
Threshold: 0.70 | Macro F1: 0.3160
Threshold: 0.72 | Macro F1: 0.3221
Threshold: 0.74 | Macro F1: 0.3289
Threshold: 0.76 | Macro F1: 0.3329
Threshold: 0.78 | Macro F1: 0.3352
Threshold: 0.80 | Macro F1: 0.3396
Threshold: 0.82 | Macro F1: 0.3435
Threshold: 0.84 | Macro F1: 0.3484
Threshold: 0.86 | Macro F1: 0.3584
Threshold: 0.88 | Macro F1: 0.3677
Threshold: 0.90 | Macro F1: 0.3656
Threshold: 0.92 | Macro F1: 0.3615
Threshold: 0.94 | Macro F1: 0.3532
Threshold: 0.96 | Macro F1: 0.3410
Threshold: 0.98 | Macro F1: 0.2307
========================================
Best MODEL FOUND
Optimal Threshold: 0.88
Peak Macro F1: 0.3677
--> Optimal Threshold: 0.88 (Peak F1: 0.3677)
Phase 4: Training Final Model on 100% Data...
127656it [00:58, 2199.57it/s]
31915it [00:18, 1727.12it/s]
Best model @ epoch 20
Saving FINAL_MCBiGRU_25t_glove_100_last_epoch weights...
Phase 5: Evaluating Final Model on Test Set...
63978it [00:36, 1756.80it/s]

==================================================
INITIATING FINAL TEST EVALUATION
Threshold: 0.8799999952316284
==================================================

OVERALL PERFORMANCE
Macro AUROC: 0.9182
Macro F1:    0.3223

PER-CLASS BREAKDOWN
Class           | AUROC   | Precision | Recall  | F1-Score
-------------------------------------------------------
toxic           | 0.8966  | 0.6083    | 0.4509  | 0.5179
severe_toxic    | 0.9504  | 0.0767    | 0.7711  | 0.1395
obscene         | 0.9076  | 0.5013    | 0.5318  | 0.5161
threat          | 0.9245  | 0.0396    | 0.6730  | 0.0748
insult          | 0.9087  | 0.4479    | 0.5177  | 0.4802
identity_hate   | 0.9214  | 0.1239    | 0.5983  | 0.2053
=======================================================
SUCCESSFULLY COMPLETED: MCBiGRU_25t_glove_100

============================================================
STARTING PIPELINE: MCBiGRU_25t_glove_300
============================================================
38296it [00:20, 1912.82it/s]
9575it [00:04, 2329.33it/s]
Phase 1: Running Sweep for MCBiGRU_25t_glove_300...
Create sweep with ID: 727cvyzj
Sweep URL: https://wandb.ai/zagros-devs/Toxic%20Comment%20Detection/sweeps/727cvyzj
Best model @ epoch 20
Saving MCBiGRU_embed300_25t_sweep_adamW_0.0001_0.001_64_[3, 5, 7]_last_epoch weights...
Best model @ epoch 16
Saving MCBiGRU_embed300_25t_sweep_rmsprop_0.0005_0.001_512_[1, 2, 3]_last_epoch weights...
Best model @ epoch 11
Saving MCBiGRU_embed300_25t_sweep_adamW_0.0001_0.001_512_[3, 5, 7]_last_epoch weights...
Best model @ epoch 17
Saving MCBiGRU_embed300_25t_sweep_rmsprop_0.001_0_128_[1, 2, 3]_last_epoch weights...
Best model @ epoch 17
Saving MCBiGRU_embed300_25t_sweep_rmsprop_0.0005_1e-05_256_[2, 3, 4]_last_epoch weights...
Best model @ epoch 14
Saving MCBiGRU_embed300_25t_sweep_rmsprop_0.001_0_128_[1, 3, 5]_last_epoch weights...
Best model @ epoch 16
Saving MCBiGRU_embed300_25t_sweep_adamW_0.0005_0.001_64_[1, 3, 5, 7, 11]_last_epoch weights...
Best model @ epoch 13
Saving MCBiGRU_embed300_25t_sweep_rmsprop_0.001_0_128_[1, 2, 3, 5]_last_epoch weights...
Best model @ epoch 20
Saving MCBiGRU_embed300_25t_sweep_rmsprop_0.0001_0.0001_16_[3, 5, 7]_last_epoch weights...
Best model @ epoch 13
Saving MCBiGRU_embed300_25t_sweep_rmsprop_0.001_0_256_[1, 3, 5, 7]_last_epoch weights...
Best model @ epoch 15
Saving MCBiGRU_embed300_25t_sweep_rmsprop_0.005_0.001_50_[1, 3, 5, 7, 11]_last_epoch weights...
Best model @ epoch 10
Saving MCBiGRU_embed300_25t_sweep_adamW_0.005_0.001_128_[1, 3, 5, 7]_last_epoch weights...
Best model @ epoch 18
Saving MCBiGRU_embed300_25t_sweep_adamW_0.001_0.0001_100_[3, 5, 7]_last_epoch weights...
Best model @ epoch 15
Saving MCBiGRU_embed300_25t_sweep_adamW_0.0001_1e-05_16_[1, 2, 3]_last_epoch weights...
Best model @ epoch 19
Saving MCBiGRU_embed300_25t_sweep_adamW_0.0005_0.0001_512_[2, 3, 4]_last_epoch weights...
Best model @ epoch 15
Saving MCBiGRU_embed300_25t_sweep_adamW_0.005_0_256_[2, 3, 4]_last_epoch weights...
Best model @ epoch 7
Saving MCBiGRU_embed300_25t_sweep_rmsprop_0.0001_0.001_128_[1, 2, 3]_last_epoch weights...
Best model @ epoch 20
Saving MCBiGRU_embed300_25t_sweep_adamW_0.0005_1e-05_64_[1, 3, 5, 7]_last_epoch weights...
Best model @ epoch 14
Saving MCBiGRU_embed300_25t_sweep_rmsprop_0.0001_0_512_[1, 3, 5, 7, 11]_last_epoch weights...
Best model @ epoch 20
Saving MCBiGRU_embed300_25t_sweep_adamW_0.0005_0.0001_50_[1, 2, 3]_last_epoch weights...
Phase 2: Fetching winning configs from W&B...
--> Best Optimizer: rmsprop | LR: 0.001 | Num Channels: 256 | Kernel Sizes: [1, 3, 5, 7]
Phase 3: Finding optimal threshold...
Loading weights from model_weights/MCBiGRU_embed300_25t_sweep_rmsprop_0.001_0_256_[1, 3, 5, 7]_best.pth...
Testing Thresholds for Peak F1...
Threshold: 0.50 | Macro F1: 0.3832
Threshold: 0.52 | Macro F1: 0.3862
Threshold: 0.54 | Macro F1: 0.3886
Threshold: 0.56 | Macro F1: 0.3917
Threshold: 0.58 | Macro F1: 0.3938
Threshold: 0.60 | Macro F1: 0.3971
Threshold: 0.62 | Macro F1: 0.3996
Threshold: 0.64 | Macro F1: 0.4019
Threshold: 0.66 | Macro F1: 0.4043
Threshold: 0.68 | Macro F1: 0.4052
Threshold: 0.70 | Macro F1: 0.4068
Threshold: 0.72 | Macro F1: 0.4077
Threshold: 0.74 | Macro F1: 0.4093
Threshold: 0.76 | Macro F1: 0.4113
Threshold: 0.78 | Macro F1: 0.4113
Threshold: 0.80 | Macro F1: 0.4120
Threshold: 0.82 | Macro F1: 0.4129
Threshold: 0.84 | Macro F1: 0.4136
Threshold: 0.86 | Macro F1: 0.4137
Threshold: 0.88 | Macro F1: 0.4144
Threshold: 0.90 | Macro F1: 0.4155
Threshold: 0.92 | Macro F1: 0.4173
Threshold: 0.94 | Macro F1: 0.4210
Threshold: 0.96 | Macro F1: 0.3818
Threshold: 0.98 | Macro F1: 0.2289
========================================
Best MODEL FOUND
Optimal Threshold: 0.94
Peak Macro F1: 0.4210
--> Optimal Threshold: 0.94 (Peak F1: 0.4210)
Phase 4: Training Final Model on 100% Data...
127656it [00:56, 2272.93it/s]
31915it [00:18, 1743.71it/s]
Best model @ epoch 15
Saving FINAL_MCBiGRU_25t_glove_300_last_epoch weights...
Phase 5: Evaluating Final Model on Test Set...
63978it [00:34, 1847.75it/s]

==================================================
INITIATING FINAL TEST EVALUATION
Threshold: 0.9399999976158142
==================================================

OVERALL PERFORMANCE
Macro AUROC: 0.9424
Macro F1:    0.4118

PER-CLASS BREAKDOWN
Class           | AUROC   | Precision | Recall  | F1-Score
-------------------------------------------------------
toxic           | 0.9311  | 0.7471    | 0.4977  | 0.5974
severe_toxic    | 0.9607  | 0.1173    | 0.7984  | 0.2045
obscene         | 0.9410  | 0.6942    | 0.5511  | 0.6144
threat          | 0.9396  | 0.1740    | 0.4692  | 0.2538
insult          | 0.9389  | 0.5949    | 0.5031  | 0.5451
identity_hate   | 0.9429  | 0.1603    | 0.6278  | 0.2554
=======================================================
SUCCESSFULLY COMPLETED: MCBiGRU_25t_glove_300

============================================================
STARTING PIPELINE: MCBiGRU_50t_glove_100
============================================================
38296it [00:21, 1755.89it/s]
9575it [00:04, 2131.79it/s]
Phase 1: Running Sweep for MCBiGRU_50t_glove_100...
Create sweep with ID: 0fqkrn7m
Sweep URL: https://wandb.ai/zagros-devs/Toxic%20Comment%20Detection/sweeps/0fqkrn7m
Best model @ epoch 20
Saving MCBiGRU_embed100_50t_sweep_adamW_0.001_0_16_[2, 3, 4]_last_epoch weights...
Best model @ epoch 10
Saving MCBiGRU_embed100_50t_sweep_adamW_0.005_0_32_[1, 2, 3]_last_epoch weights...
Best model @ epoch 17
Saving MCBiGRU_embed100_50t_sweep_rmsprop_0.001_0.001_256_[1, 2, 3, 5]_last_epoch weights...
Best model @ epoch 17
Saving MCBiGRU_embed100_50t_sweep_rmsprop_0.005_0_256_[1, 2, 3]_last_epoch weights...
Best model @ epoch 2
Saving MCBiGRU_embed100_50t_sweep_rmsprop_0.005_0_100_[3, 4, 5]_last_epoch weights...
Best model @ epoch 19
Saving MCBiGRU_embed100_50t_sweep_rmsprop_0.0001_0.001_256_[1, 3, 5]_last_epoch weights...
Best model @ epoch 20
Saving MCBiGRU_embed100_50t_sweep_rmsprop_0.001_0_64_[3, 5, 7]_last_epoch weights...
Best model @ epoch 19
Saving MCBiGRU_embed100_50t_sweep_rmsprop_0.0001_0.0001_64_[2, 3, 4]_last_epoch weights...
Best model @ epoch 19
Saving MCBiGRU_embed100_50t_sweep_rmsprop_0.001_0.0001_50_[1, 3, 5, 7]_last_epoch weights...
Best model @ epoch 18
Saving MCBiGRU_embed100_50t_sweep_rmsprop_0.001_1e-05_16_[3, 5, 7]_last_epoch weights...
Best model @ epoch 15
Saving MCBiGRU_embed100_50t_sweep_rmsprop_0.001_0_256_[3, 4, 5]_last_epoch weights...
Best model @ epoch 19
Saving MCBiGRU_embed100_50t_sweep_adamW_0.0005_0.001_64_[1, 2, 3]_last_epoch weights...
Best model @ epoch 13
Saving MCBiGRU_embed100_50t_sweep_adamW_0.0001_1e-05_512_[1, 3, 5]_last_epoch weights...
Best model @ epoch 17
Saving MCBiGRU_embed100_50t_sweep_rmsprop_0.001_0_16_[3, 4, 5]_last_epoch weights...
Best model @ epoch 19
Saving MCBiGRU_embed100_50t_sweep_rmsprop_0.005_0.0001_64_[3, 4, 5]_last_epoch weights...
Best model @ epoch 18
Saving MCBiGRU_embed100_50t_sweep_rmsprop_0.0001_0.0001_16_[1, 3, 5]_last_epoch weights...
Best model @ epoch 18
Saving MCBiGRU_embed100_50t_sweep_rmsprop_0.001_0.001_512_[1, 3, 5, 7, 11]_last_epoch weights...
Best model @ epoch 16
Saving MCBiGRU_embed100_50t_sweep_adamW_0.005_0.0001_16_[3, 5, 7]_last_epoch weights...
Best model @ epoch 19
Saving MCBiGRU_embed100_50t_sweep_adamW_0.001_1e-05_16_[3, 4, 5]_last_epoch weights...
Best model @ epoch 20
Saving MCBiGRU_embed100_50t_sweep_adamW_0.0005_1e-05_100_[2, 3, 4]_last_epoch weights...
Phase 2: Fetching winning configs from W&B...
--> Best Optimizer: adamW | LR: 0.001 | Num Channels: 16 | Kernel Sizes: [3, 4, 5]
Phase 3: Finding optimal threshold...
Loading weights from model_weights/MCBiGRU_embed100_50t_sweep_adamW_0.001_1e-05_16_[3, 4, 5]_best.pth...
Testing Thresholds for Peak F1...
Threshold: 0.50 | Macro F1: 0.2738
Threshold: 0.52 | Macro F1: 0.2792
Threshold: 0.54 | Macro F1: 0.2840
Threshold: 0.56 | Macro F1: 0.2902
Threshold: 0.58 | Macro F1: 0.2965
Threshold: 0.60 | Macro F1: 0.3095
Threshold: 0.62 | Macro F1: 0.3140
Threshold: 0.64 | Macro F1: 0.3174
Threshold: 0.66 | Macro F1: 0.3200
Threshold: 0.68 | Macro F1: 0.3214
Threshold: 0.70 | Macro F1: 0.3234
Threshold: 0.72 | Macro F1: 0.3255
Threshold: 0.74 | Macro F1: 0.3291
Threshold: 0.76 | Macro F1: 0.3321
Threshold: 0.78 | Macro F1: 0.3350
Threshold: 0.80 | Macro F1: 0.3368
Threshold: 0.82 | Macro F1: 0.3399
Threshold: 0.84 | Macro F1: 0.3414
Threshold: 0.86 | Macro F1: 0.3438
Threshold: 0.88 | Macro F1: 0.3481
Threshold: 0.90 | Macro F1: 0.3507
Threshold: 0.92 | Macro F1: 0.3569
Threshold: 0.94 | Macro F1: 0.3606
Threshold: 0.96 | Macro F1: 0.3181
Threshold: 0.98 | Macro F1: 0.0000
========================================
Best MODEL FOUND
Optimal Threshold: 0.94
Peak Macro F1: 0.3606
--> Optimal Threshold: 0.94 (Peak F1: 0.3606)
Phase 4: Training Final Model on 100% Data...
127656it [01:02, 2037.41it/s]
31915it [00:19, 1619.87it/s]
Best model @ epoch 44
Saving FINAL_MCBiGRU_50t_glove_100_last_epoch weights...
Phase 5: Evaluating Final Model on Test Set...
63978it [00:39, 1617.07it/s]

==================================================
INITIATING FINAL TEST EVALUATION
Threshold: 0.9399999976158142
==================================================

OVERALL PERFORMANCE
Macro AUROC: 0.9401
Macro F1:    0.3529

PER-CLASS BREAKDOWN
Class           | AUROC   | Precision | Recall  | F1-Score
-------------------------------------------------------
toxic           | 0.9190  | 0.6111    | 0.5353  | 0.5707
severe_toxic    | 0.9637  | 0.0760    | 0.8011  | 0.1388
obscene         | 0.9310  | 0.5270    | 0.5798  | 0.5521
threat          | 0.9607  | 0.0619    | 0.5829  | 0.1119
insult          | 0.9293  | 0.4751    | 0.5512  | 0.5103
identity_hate   | 0.9371  | 0.1488    | 0.5435  | 0.2336
=======================================================
SUCCESSFULLY COMPLETED: MCBiGRU_50t_glove_100

============================================================
STARTING PIPELINE: MCBiGRU_50t_glove_300
============================================================
38296it [00:23, 1604.57it/s]
9575it [00:05, 1904.21it/s]
Phase 1: Running Sweep for MCBiGRU_50t_glove_300...
Create sweep with ID: b0r7bud6
Sweep URL: https://wandb.ai/zagros-devs/Toxic%20Comment%20Detection/sweeps/b0r7bud6
Best model @ epoch 20
Saving MCBiGRU_embed300_50t_sweep_rmsprop_0.0001_0.0001_50_[1, 3, 5]_last_epoch weights...
Best model @ epoch 8
Saving MCBiGRU_embed300_50t_sweep_rmsprop_0.005_0_256_[2, 3, 4]_last_epoch weights...
Best model @ epoch 20
Saving MCBiGRU_embed300_50t_sweep_adamW_0.0005_0.0001_16_[1, 3, 5, 7, 11]_last_epoch weights...
Best model @ epoch 19
Saving MCBiGRU_embed300_50t_sweep_adamW_0.0005_0.0001_256_[2, 3, 4]_last_epoch weights...
Best model @ epoch 16
Saving MCBiGRU_embed300_50t_sweep_adamW_0.0001_0.0001_512_[3, 4, 5]_last_epoch weights...
Best model @ epoch 13
Saving MCBiGRU_embed300_50t_sweep_adamW_0.005_1e-05_128_[3, 5, 7]_last_epoch weights...
Best model @ epoch 20
Saving MCBiGRU_embed300_50t_sweep_rmsprop_0.0005_1e-05_100_[3, 5, 7]_last_epoch weights...
Best model @ epoch 18
Saving MCBiGRU_embed300_50t_sweep_rmsprop_0.001_0.0001_16_[2, 3, 4]_last_epoch weights...
Best model @ epoch 20
Saving MCBiGRU_embed300_50t_sweep_rmsprop_0.0005_0_50_[1, 3, 5, 7]_last_epoch weights...
Best model @ epoch 19
Saving MCBiGRU_embed300_50t_sweep_rmsprop_0.005_0_512_[1, 3, 5, 7, 11]_last_epoch weights...
Best model @ epoch 20
Saving MCBiGRU_embed300_50t_sweep_adamW_0.001_0.001_64_[1, 3, 5, 7, 11]_last_epoch weights...
Best model @ epoch 20
Saving MCBiGRU_embed300_50t_sweep_adamW_0.001_1e-05_100_[1, 3, 5]_last_epoch weights...
Best model @ epoch 16
Saving MCBiGRU_embed300_50t_sweep_adamW_0.005_0.0001_50_[3, 5, 7]_last_epoch weights...
Best model @ epoch 20
Saving MCBiGRU_embed300_50t_sweep_rmsprop_0.0005_1e-05_50_[3, 4, 5]_last_epoch weights...
Best model @ epoch 19
Saving MCBiGRU_embed300_50t_sweep_adamW_0.0005_0_512_[3, 4, 5]_last_epoch weights...
Best model @ epoch 19
Saving MCBiGRU_embed300_50t_sweep_rmsprop_0.005_0.001_16_[1, 2, 3, 5]_last_epoch weights...
Best model @ epoch 20
Saving MCBiGRU_embed300_50t_sweep_adamW_0.0005_0_128_[2, 3, 4]_last_epoch weights...
Best model @ epoch 8
Saving MCBiGRU_embed300_50t_sweep_adamW_0.0001_0.0001_256_[1, 3, 5, 7, 11]_last_epoch weights...
Best model @ epoch 20
Saving MCBiGRU_embed300_50t_sweep_adamW_0.005_1e-05_100_[1, 3, 5, 7, 11]_last_epoch weights...
Best model @ epoch 14
Saving MCBiGRU_embed300_50t_sweep_adamW_0.001_1e-05_512_[3, 4, 5]_last_epoch weights...
Phase 2: Fetching winning configs from W&B...
--> Best Optimizer: adamW | LR: 0.005 | Num Channels: 128 | Kernel Sizes: [3, 5, 7]
Phase 3: Finding optimal threshold...
Loading weights from model_weights/MCBiGRU_embed300_50t_sweep_adamW_0.005_1e-05_128_[3, 5, 7]_best.pth...
Testing Thresholds for Peak F1...
Threshold: 0.50 | Macro F1: 0.3687
Threshold: 0.52 | Macro F1: 0.3698
Threshold: 0.54 | Macro F1: 0.3703
Threshold: 0.56 | Macro F1: 0.3707
Threshold: 0.58 | Macro F1: 0.3705
Threshold: 0.60 | Macro F1: 0.3721
Threshold: 0.62 | Macro F1: 0.3732
Threshold: 0.64 | Macro F1: 0.3731
Threshold: 0.66 | Macro F1: 0.3733
Threshold: 0.68 | Macro F1: 0.3739
Threshold: 0.70 | Macro F1: 0.3758
Threshold: 0.72 | Macro F1: 0.3767
Threshold: 0.74 | Macro F1: 0.3774
Threshold: 0.76 | Macro F1: 0.3802
Threshold: 0.78 | Macro F1: 0.3814
Threshold: 0.80 | Macro F1: 0.3844
Threshold: 0.82 | Macro F1: 0.3872
Threshold: 0.84 | Macro F1: 0.3885
Threshold: 0.86 | Macro F1: 0.3890
Threshold: 0.88 | Macro F1: 0.3917
Threshold: 0.90 | Macro F1: 0.3846
Threshold: 0.92 | Macro F1: 0.3538
Threshold: 0.94 | Macro F1: 0.3188
Threshold: 0.96 | Macro F1: 0.1137
Threshold: 0.98 | Macro F1: 0.0000
========================================
Best MODEL FOUND
Optimal Threshold: 0.88
Peak Macro F1: 0.3917
--> Optimal Threshold: 0.88 (Peak F1: 0.3917)
Phase 4: Training Final Model on 100% Data...
127656it [01:04, 1975.23it/s]
31915it [00:20, 1572.53it/s]
Best model @ epoch 16
Saving FINAL_MCBiGRU_50t_glove_300_last_epoch weights...
Phase 5: Evaluating Final Model on Test Set...
63978it [00:38, 1663.84it/s]

==================================================
INITIATING FINAL TEST EVALUATION
Threshold: 0.8799999952316284
==================================================

OVERALL PERFORMANCE
Macro AUROC: 0.7469
Macro F1:    0.2147

PER-CLASS BREAKDOWN
Class           | AUROC   | Precision | Recall  | F1-Score
-------------------------------------------------------
toxic           | 0.6942  | 0.5678    | 0.2200  | 0.3172
severe_toxic    | 0.8651  | 0.0710    | 0.4687  | 0.1233
obscene         | 0.7366  | 0.4318    | 0.2761  | 0.3368
threat          | 0.7190  | 0.0232    | 0.2607  | 0.0426
insult          | 0.7260  | 0.3797    | 0.2615  | 0.3097
identity_hate   | 0.7407  | 0.1033    | 0.3427  | 0.1588
=======================================================
SUCCESSFULLY COMPLETED: MCBiGRU_50t_glove_300

============================================================
STARTING PIPELINE: MCBiGRU_100t_glove_100
============================================================
38296it [00:25, 1522.79it/s]
9575it [00:05, 1711.82it/s]
Phase 1: Running Sweep for MCBiGRU_100t_glove_100...
Create sweep with ID: 2hpkmnnm
Sweep URL: https://wandb.ai/zagros-devs/Toxic%20Comment%20Detection/sweeps/2hpkmnnm
Best model @ epoch 17
Saving MCBiGRU_embed100_100t_sweep_rmsprop_0.0001_0.001_32_[2, 3, 4]_last_epoch weights...
Best model @ epoch 17
Saving MCBiGRU_embed100_100t_sweep_adamW_0.0001_0_16_[3, 4, 5]_last_epoch weights...
Best model @ epoch 2
Saving MCBiGRU_embed100_100t_sweep_rmsprop_0.005_0.001_100_[1, 3, 5]_last_epoch weights...
Best model @ epoch 7
Saving MCBiGRU_embed100_100t_sweep_rmsprop_0.005_0.001_256_[1, 2, 3]_last_epoch weights...
Best model @ epoch 19
Saving MCBiGRU_embed100_100t_sweep_adamW_0.0001_1e-05_128_[3, 5, 7]_last_epoch weights...
Best model @ epoch 20
Saving MCBiGRU_embed100_100t_sweep_rmsprop_0.001_0.0001_64_[2, 3, 4]_last_epoch weights...
Best model @ epoch 19
Saving MCBiGRU_embed100_100t_sweep_rmsprop_0.0001_0_50_[3, 4, 5]_last_epoch weights...
Best model @ epoch 17
Saving MCBiGRU_embed100_100t_sweep_adamW_0.005_0.0001_256_[1, 3, 5]_last_epoch weights...
Best model @ epoch 11
Saving MCBiGRU_embed100_100t_sweep_adamW_0.0001_0_512_[1, 2, 3]_last_epoch weights...
Best model @ epoch 20
Saving MCBiGRU_embed100_100t_sweep_rmsprop_0.005_0.001_256_[3, 4, 5]_last_epoch weights...
Best model @ epoch 20
Saving MCBiGRU_embed100_100t_sweep_adamW_0.001_0.001_16_[1, 3, 5]_last_epoch weights...
Best model @ epoch 19
Saving MCBiGRU_embed100_100t_sweep_adamW_0.001_0.0001_256_[1, 2, 3, 5]_last_epoch weights...
Best model @ epoch 20
Saving MCBiGRU_embed100_100t_sweep_rmsprop_0.0005_0.0001_50_[1, 2, 3, 5]_last_epoch weights...
Best model @ epoch 13
Saving MCBiGRU_embed100_100t_sweep_adamW_0.0001_0.001_100_[3, 4, 5]_last_epoch weights...
Best model @ epoch 20
Saving MCBiGRU_embed100_100t_sweep_rmsprop_0.005_0_32_[1, 3, 5, 7]_last_epoch weights...
Best model @ epoch 20
Saving MCBiGRU_embed100_100t_sweep_rmsprop_0.0001_1e-05_100_[1, 3, 5]_last_epoch weights...
Best model @ epoch 19
Saving MCBiGRU_embed100_100t_sweep_rmsprop_0.0005_0.001_64_[1, 3, 5, 7]_last_epoch weights...
Best model @ epoch 13
Saving MCBiGRU_embed100_100t_sweep_rmsprop_0.005_0.0001_100_[2, 3, 4]_last_epoch weights...
Best model @ epoch 18
Saving MCBiGRU_embed100_100t_sweep_adamW_0.0005_0.001_128_[1, 3, 5, 7]_last_epoch weights...
Best model @ epoch 20
Saving MCBiGRU_embed100_100t_sweep_adamW_0.0005_0.001_100_[3, 4, 5]_last_epoch weights...
Phase 2: Fetching winning configs from W&B...
--> Best Optimizer: adamW | LR: 0.001 | Num Channels: 256 | Kernel Sizes: [1, 2, 3, 5]
Phase 3: Finding optimal threshold...
Loading weights from model_weights/MCBiGRU_embed100_100t_sweep_adamW_0.001_0.0001_256_[1, 2, 3, 5]_best.pth...
Testing Thresholds for Peak F1...
Threshold: 0.50 | Macro F1: 0.2596
Threshold: 0.52 | Macro F1: 0.2625
Threshold: 0.54 | Macro F1: 0.2651
Threshold: 0.56 | Macro F1: 0.2688
Threshold: 0.58 | Macro F1: 0.2719
Threshold: 0.60 | Macro F1: 0.2748
Threshold: 0.62 | Macro F1: 0.2780
Threshold: 0.64 | Macro F1: 0.2813
Threshold: 0.66 | Macro F1: 0.2833
Threshold: 0.68 | Macro F1: 0.2858
Threshold: 0.70 | Macro F1: 0.2888
Threshold: 0.72 | Macro F1: 0.2906
Threshold: 0.74 | Macro F1: 0.2940
Threshold: 0.76 | Macro F1: 0.2971
Threshold: 0.78 | Macro F1: 0.3021
Threshold: 0.80 | Macro F1: 0.3077
Threshold: 0.82 | Macro F1: 0.3159
Threshold: 0.84 | Macro F1: 0.3245
Threshold: 0.86 | Macro F1: 0.3416
Threshold: 0.88 | Macro F1: 0.3539
Threshold: 0.90 | Macro F1: 0.3591
Threshold: 0.92 | Macro F1: 0.3612
Threshold: 0.94 | Macro F1: 0.3621
Threshold: 0.96 | Macro F1: 0.3143
Threshold: 0.98 | Macro F1: 0.0905
========================================
Best MODEL FOUND
Optimal Threshold: 0.94
Peak Macro F1: 0.3621
--> Optimal Threshold: 0.94 (Peak F1: 0.3621)
Phase 4: Training Final Model on 100% Data...
127656it [01:14, 1723.29it/s]
31915it [00:22, 1410.91it/s]
Best model @ epoch 37
Saving FINAL_MCBiGRU_100t_glove_100_last_epoch weights...
Phase 5: Evaluating Final Model on Test Set...
63978it [00:43, 1458.20it/s]

==================================================
INITIATING FINAL TEST EVALUATION
Threshold: 0.9399999976158142
==================================================

OVERALL PERFORMANCE
Macro AUROC: 0.9399
Macro F1:    0.3429

PER-CLASS BREAKDOWN
Class           | AUROC   | Precision | Recall  | F1-Score
-------------------------------------------------------
toxic           | 0.9300  | 0.5825    | 0.5642  | 0.5732
severe_toxic    | 0.9549  | 0.0934    | 0.6921  | 0.1646
obscene         | 0.9351  | 0.4707    | 0.6275  | 0.5379
threat          | 0.9563  | 0.0538    | 0.6777  | 0.0997
insult          | 0.9331  | 0.4929    | 0.4736  | 0.4830
identity_hate   | 0.9301  | 0.1278    | 0.4494  | 0.1990
=======================================================
SUCCESSFULLY COMPLETED: MCBiGRU_100t_glove_100

============================================================
STARTING PIPELINE: MCBiGRU_100t_glove_300
============================================================
38296it [00:25, 1505.15it/s]
9575it [00:05, 1758.35it/s]
Phase 1: Running Sweep for MCBiGRU_100t_glove_300...
Create sweep with ID: xj7h40nb
Sweep URL: https://wandb.ai/zagros-devs/Toxic%20Comment%20Detection/sweeps/xj7h40nb
Best model @ epoch 20
Saving MCBiGRU_embed300_100t_sweep_rmsprop_0.0005_0.001_16_[1, 3, 5, 7]_last_epoch weights...
Best model @ epoch 20
Saving MCBiGRU_embed300_100t_sweep_rmsprop_0.0005_0_32_[2, 3, 4]_last_epoch weights...
Best model @ epoch 17
Saving MCBiGRU_embed300_100t_sweep_adamW_0.0001_0.001_100_[1, 3, 5]_last_epoch weights...
Best model @ epoch 17
Saving MCBiGRU_embed300_100t_sweep_rmsprop_0.0005_0.001_256_[1, 2, 3]_last_epoch weights...
Best model @ epoch 20
Saving MCBiGRU_embed300_100t_sweep_rmsprop_0.0005_0_128_[1, 3, 5]_last_epoch weights...
Best model @ epoch 15
Saving MCBiGRU_embed300_100t_sweep_adamW_0.005_0.001_256_[1, 2, 3]_last_epoch weights...
Best model @ epoch 20
Saving MCBiGRU_embed300_100t_sweep_adamW_0.0005_0_256_[1, 3, 5, 7, 11]_last_epoch weights...
Best model @ epoch 16
Saving MCBiGRU_embed300_100t_sweep_adamW_0.001_0.0001_256_[3, 4, 5]_last_epoch weights...
Best model @ epoch 20
Saving MCBiGRU_embed300_100t_sweep_adamW_0.001_0.0001_100_[1, 3, 5, 7, 11]_last_epoch weights...
Best model @ epoch 14
Saving MCBiGRU_embed300_100t_sweep_adamW_0.005_0_100_[2, 3, 4]_last_epoch weights...
Best model @ epoch 20
Saving MCBiGRU_embed300_100t_sweep_rmsprop_0.001_0.001_128_[1, 3, 5]_last_epoch weights...
Best model @ epoch 20
Saving MCBiGRU_embed300_100t_sweep_adamW_0.0005_0_32_[1, 3, 5]_last_epoch weights...
Best model @ epoch 17
Saving MCBiGRU_embed300_100t_sweep_adamW_0.005_0.0001_32_[1, 2, 3, 5]_last_epoch weights...
Best model @ epoch 19
Saving MCBiGRU_embed300_100t_sweep_adamW_0.001_0_64_[1, 2, 3]_last_epoch weights...
Best model @ epoch 13
Saving MCBiGRU_embed300_100t_sweep_rmsprop_0.005_0_256_[1, 3, 5, 7]_last_epoch weights...
Best model @ epoch 20
Saving MCBiGRU_embed300_100t_sweep_adamW_0.005_0_50_[1, 2, 3]_last_epoch weights...
Best model @ epoch 10
Saving MCBiGRU_embed300_100t_sweep_rmsprop_0.005_0_256_[1, 2, 3, 5]_last_epoch weights...
Best model @ epoch 19
Saving MCBiGRU_embed300_100t_sweep_adamW_0.001_1e-05_32_[1, 3, 5]_last_epoch weights...
Best model @ epoch 18
Saving MCBiGRU_embed300_100t_sweep_rmsprop_0.0005_0.0001_256_[1, 3, 5, 7, 11]_last_epoch weights...
Best model @ epoch 18
Saving MCBiGRU_embed300_100t_sweep_rmsprop_0.0005_0.0001_16_[1, 3, 5]_last_epoch weights...
Phase 2: Fetching winning configs from W&B...
--> Best Optimizer: rmsprop | LR: 0.001 | Num Channels: 128 | Kernel Sizes: [1, 3, 5]
Phase 3: Finding optimal threshold...
Loading weights from model_weights/MCBiGRU_embed300_100t_sweep_rmsprop_0.001_0.001_128_[1, 3, 5]_best.pth...
Testing Thresholds for Peak F1...
Threshold: 0.50 | Macro F1: 0.3661
Threshold: 0.52 | Macro F1: 0.3688
Threshold: 0.54 | Macro F1: 0.3715
Threshold: 0.56 | Macro F1: 0.3747
Threshold: 0.58 | Macro F1: 0.3793
Threshold: 0.60 | Macro F1: 0.3826
Threshold: 0.62 | Macro F1: 0.3859
Threshold: 0.64 | Macro F1: 0.3913
Threshold: 0.66 | Macro F1: 0.3963
Threshold: 0.68 | Macro F1: 0.4017
Threshold: 0.70 | Macro F1: 0.4081
Threshold: 0.72 | Macro F1: 0.4188
Threshold: 0.74 | Macro F1: 0.4286
Threshold: 0.76 | Macro F1: 0.4327
Threshold: 0.78 | Macro F1: 0.4383
Threshold: 0.80 | Macro F1: 0.4429
Threshold: 0.82 | Macro F1: 0.4484
Threshold: 0.84 | Macro F1: 0.4519
Threshold: 0.86 | Macro F1: 0.4571
Threshold: 0.88 | Macro F1: 0.4618
Threshold: 0.90 | Macro F1: 0.4666
Threshold: 0.92 | Macro F1: 0.4775
Threshold: 0.94 | Macro F1: 0.4853
Threshold: 0.96 | Macro F1: 0.4848
Threshold: 0.98 | Macro F1: 0.4637
========================================
Best MODEL FOUND
Optimal Threshold: 0.94
Peak Macro F1: 0.4853
--> Optimal Threshold: 0.94 (Peak F1: 0.4853)
Phase 4: Training Final Model on 100% Data...
127656it [01:22, 1545.28it/s]
31915it [00:25, 1238.38it/s]
Best model @ epoch 15
Saving FINAL_MCBiGRU_100t_glove_300_last_epoch weights...
Phase 5: Evaluating Final Model on Test Set...
63978it [00:48, 1315.24it/s]

==================================================
INITIATING FINAL TEST EVALUATION
Threshold: 0.9399999976158142
==================================================

OVERALL PERFORMANCE
Macro AUROC: 0.9615
Macro F1:    0.3887

PER-CLASS BREAKDOWN
Class           | AUROC   | Precision | Recall  | F1-Score
-------------------------------------------------------
toxic           | 0.9584  | 0.7923    | 0.4698  | 0.5898
severe_toxic    | 0.9777  | 0.1795    | 0.6649  | 0.2827
obscene         | 0.9665  | 0.7518    | 0.4497  | 0.5628
threat          | 0.9524  | 0.0847    | 0.4976  | 0.1447
insult          | 0.9606  | 0.6327    | 0.4021  | 0.4917
identity_hate   | 0.9530  | 0.1892    | 0.4185  | 0.2606
=======================================================
SUCCESSFULLY COMPLETED: MCBiGRU_100t_glove_300
